[INFO] Scanning for projects...
[INFO]                                                                         
[INFO] ------------------------------------------------------------------------
[INFO] Building statik 1.0-SNAPSHOT
[INFO] ------------------------------------------------------------------------
[INFO] 
[INFO] --- maven-clean-plugin:2.4.1:clean (default-clean) @ statik ---
[INFO] Deleting /Users/rory/work/personal/statik/target
[INFO] 
[INFO] --- maven-resources-plugin:2.5:resources (default-resources) @ statik ---
[debug] execute contextualize
[INFO] Using 'UTF-8' encoding to copy filtered resources.
[INFO] Copying 56 resources
[INFO] 
[INFO] --- maven-compiler-plugin:3.0:compile (default-compile) @ statik ---
[INFO] Changes detected - recompiling the module!
[INFO] Compiling 44 source files to /Users/rory/work/personal/statik/target/classes
[INFO] 
[INFO] --- maven-resources-plugin:2.5:testResources (default-testResources) @ statik ---
[debug] execute contextualize
[INFO] Using 'UTF-8' encoding to copy filtered resources.
[INFO] Copying 4 resources
[INFO] 
[INFO] --- maven-compiler-plugin:3.0:testCompile (default-testCompile) @ statik ---
[INFO] Changes detected - recompiling the module!
[INFO] Compiling 22 source files to /Users/rory/work/personal/statik/target/test-classes
[INFO] 
[INFO] --- maven-surefire-plugin:2.10:test (default-test) @ statik ---
[INFO] Surefire report directory: /Users/rory/work/personal/statik/target/surefire-reports

-------------------------------------------------------
 T E S T S
-------------------------------------------------------
Running statik.auth.AuthStoreTest
Tests run: 3, Failures: 0, Errors: 0, Skipped: 0, Time elapsed: 0.515 sec
Running statik.auth.RDBMSAuthStoreTest
2013-06-03 15:02:10,608 INFO  - UsesRDBMS                  - Loading config
2013-06-03 15:02:10,779 INFO  - UsesRDBMS                  - Performing any DB migrations
2013-06-03 15:02:11,988 INFO  - MetaDataTableImpl          - Creating Metadata table: "PUBLIC"."schema_version"
2013-06-03 15:02:12,169 INFO  - DbMigrate                  - Current version of schema "PUBLIC": << Empty Schema >>
2013-06-03 15:02:12,169 INFO  - DbMigrate                  - Migrating schema "PUBLIC" to version 201305301300
2013-06-03 15:02:12,245 INFO  - DbMigrate                  - Migrating schema "PUBLIC" to version 201305310719
2013-06-03 15:02:12,327 INFO  - DbMigrate                  - Migrating schema "PUBLIC" to version 201305311019
2013-06-03 15:02:12,373 INFO  - DbMigrate                  - Successfully applied 3 migrations to schema "PUBLIC" (execution time 00:00.391s).
2013-06-03 15:02:12,373 INFO  - UsesRDBMS                  - Creating connection pool
2013-06-03 15:02:12,388 WARN  - BoneCPConfig               - Max Connections < 1. Setting to 20
2013-06-03 15:02:12,652 INFO  - RDBMSAuthStore             - Checking for default user
2013-06-03 15:02:12,652 INFO  - RDBMSAuthStore             - Querying for user [admin]
2013-06-03 15:02:12,657 INFO  - RDBMSAuthStore             - Adding user [admin], isDefault [true]
2013-06-03 15:02:12,658 INFO  - RDBMSAuthStore             - Deleting all users except default
2013-06-03 15:02:12,659 INFO  - RDBMSAuthStore             - Querying for user [admin]
2013-06-03 15:02:12,661 INFO  - UsesRDBMS                  - Loading config
2013-06-03 15:02:12,662 INFO  - UsesRDBMS                  - Performing any DB migrations
2013-06-03 15:02:12,959 INFO  - DbMigrate                  - Current version of schema "PUBLIC": 201305311019
2013-06-03 15:02:12,968 INFO  - DbMigrate                  - Schema "PUBLIC" is up to date. No migration necessary.
2013-06-03 15:02:12,968 INFO  - UsesRDBMS                  - Creating connection pool
2013-06-03 15:02:12,969 WARN  - BoneCPConfig               - Max Connections < 1. Setting to 20
2013-06-03 15:02:12,974 INFO  - RDBMSAuthStore             - Checking for default user
2013-06-03 15:02:12,975 INFO  - RDBMSAuthStore             - Querying for user [admin]
2013-06-03 15:02:12,977 INFO  - RDBMSAuthStore             - Deleting all users except default
2013-06-03 15:02:12,978 INFO  - RDBMSAuthStore             - Querying for user [admin]
2013-06-03 15:02:12,981 INFO  - UsesRDBMS                  - Loading config
2013-06-03 15:02:12,982 INFO  - UsesRDBMS                  - Performing any DB migrations
2013-06-03 15:02:13,138 INFO  - DbMigrate                  - Current version of schema "PUBLIC": 201305311019
2013-06-03 15:02:13,145 INFO  - DbMigrate                  - Schema "PUBLIC" is up to date. No migration necessary.
2013-06-03 15:02:13,146 INFO  - UsesRDBMS                  - Creating connection pool
2013-06-03 15:02:13,149 WARN  - BoneCPConfig               - Max Connections < 1. Setting to 20
2013-06-03 15:02:13,151 INFO  - RDBMSAuthStore             - Checking for default user
2013-06-03 15:02:13,152 INFO  - RDBMSAuthStore             - Querying for user [admin]
2013-06-03 15:02:13,153 INFO  - RDBMSAuthStore             - Deleting all users except default
2013-06-03 15:02:13,154 INFO  - RDBMSAuthStore             - Adding user [fred], isDefault [false]
2013-06-03 15:02:13,155 INFO  - RDBMSAuthStore             - Querying for user [fred]
2013-06-03 15:02:13,157 INFO  - UsesRDBMS                  - Loading config
2013-06-03 15:02:13,158 INFO  - UsesRDBMS                  - Performing any DB migrations
2013-06-03 15:02:13,424 INFO  - DbMigrate                  - Current version of schema "PUBLIC": 201305311019
2013-06-03 15:02:13,440 INFO  - DbMigrate                  - Schema "PUBLIC" is up to date. No migration necessary.
2013-06-03 15:02:13,440 INFO  - UsesRDBMS                  - Creating connection pool
2013-06-03 15:02:13,441 WARN  - BoneCPConfig               - Max Connections < 1. Setting to 20
2013-06-03 15:02:13,448 INFO  - RDBMSAuthStore             - Checking for default user
2013-06-03 15:02:13,448 INFO  - RDBMSAuthStore             - Querying for user [admin]
2013-06-03 15:02:13,457 INFO  - RDBMSAuthStore             - Deleting all users except default
2013-06-03 15:02:13,458 INFO  - RDBMSAuthStore             - Adding user [fred], isDefault [false]
2013-06-03 15:02:13,462 INFO  - RDBMSAuthStore             - Retrieving all users
2013-06-03 15:02:13,463 INFO  - RDBMSAuthStore             - Deleting user [fred]
2013-06-03 15:02:13,464 INFO  - RDBMSAuthStore             - Retrieving all users
2013-06-03 15:02:13,483 INFO  - UsesRDBMS                  - Loading config
2013-06-03 15:02:13,489 INFO  - UsesRDBMS                  - Performing any DB migrations
2013-06-03 15:02:13,585 INFO  - DbMigrate                  - Current version of schema "PUBLIC": 201305311019
2013-06-03 15:02:13,594 INFO  - DbMigrate                  - Schema "PUBLIC" is up to date. No migration necessary.
2013-06-03 15:02:13,594 INFO  - UsesRDBMS                  - Creating connection pool
2013-06-03 15:02:13,595 WARN  - BoneCPConfig               - Max Connections < 1. Setting to 20
2013-06-03 15:02:13,599 INFO  - RDBMSAuthStore             - Checking for default user
2013-06-03 15:02:13,599 INFO  - RDBMSAuthStore             - Querying for user [admin]
2013-06-03 15:02:13,601 INFO  - RDBMSAuthStore             - Deleting all users except default
2013-06-03 15:02:13,602 INFO  - RDBMSAuthStore             - Adding user [fred], isDefault [false]
2013-06-03 15:02:13,603 INFO  - RDBMSAuthStore             - Updating user [fred]
2013-06-03 15:02:13,604 INFO  - RDBMSAuthStore             - Querying for user [frederick]
2013-06-03 15:02:13,606 INFO  - UsesRDBMS                  - Loading config
2013-06-03 15:02:13,607 INFO  - UsesRDBMS                  - Performing any DB migrations
2013-06-03 15:02:13,740 INFO  - DbMigrate                  - Current version of schema "PUBLIC": 201305311019
2013-06-03 15:02:13,744 INFO  - DbMigrate                  - Schema "PUBLIC" is up to date. No migration necessary.
2013-06-03 15:02:13,744 INFO  - UsesRDBMS                  - Creating connection pool
2013-06-03 15:02:13,745 WARN  - BoneCPConfig               - Max Connections < 1. Setting to 20
2013-06-03 15:02:13,747 INFO  - RDBMSAuthStore             - Checking for default user
2013-06-03 15:02:13,747 INFO  - RDBMSAuthStore             - Querying for user [admin]
2013-06-03 15:02:13,749 INFO  - RDBMSAuthStore             - Deleting all users except default
2013-06-03 15:02:13,750 INFO  - RDBMSAuthStore             - Querying for user [admin]
2013-06-03 15:02:13,752 INFO  - UsesRDBMS                  - Loading config
2013-06-03 15:02:13,753 INFO  - UsesRDBMS                  - Performing any DB migrations
2013-06-03 15:02:13,885 INFO  - DbMigrate                  - Current version of schema "PUBLIC": 201305311019
2013-06-03 15:02:13,893 INFO  - DbMigrate                  - Schema "PUBLIC" is up to date. No migration necessary.
2013-06-03 15:02:13,893 INFO  - UsesRDBMS                  - Creating connection pool
2013-06-03 15:02:13,895 WARN  - BoneCPConfig               - Max Connections < 1. Setting to 20
2013-06-03 15:02:13,899 INFO  - RDBMSAuthStore             - Checking for default user
2013-06-03 15:02:13,900 INFO  - RDBMSAuthStore             - Querying for user [admin]
2013-06-03 15:02:13,901 INFO  - RDBMSAuthStore             - Deleting all users except default
2013-06-03 15:02:13,903 INFO  - RDBMSAuthStore             - Adding user [one], isDefault [false]
2013-06-03 15:02:13,904 INFO  - RDBMSAuthStore             - Adding user [two], isDefault [false]
2013-06-03 15:02:13,905 INFO  - RDBMSAuthStore             - Retrieving all users
2013-06-03 15:02:13,908 INFO  - UsesRDBMS                  - Loading config
2013-06-03 15:02:13,912 INFO  - UsesRDBMS                  - Performing any DB migrations
2013-06-03 15:02:14,041 INFO  - DbMigrate                  - Current version of schema "PUBLIC": 201305311019
2013-06-03 15:02:14,046 INFO  - DbMigrate                  - Schema "PUBLIC" is up to date. No migration necessary.
2013-06-03 15:02:14,046 INFO  - UsesRDBMS                  - Creating connection pool
2013-06-03 15:02:14,047 WARN  - BoneCPConfig               - Max Connections < 1. Setting to 20
2013-06-03 15:02:14,054 INFO  - RDBMSAuthStore             - Checking for default user
2013-06-03 15:02:14,054 INFO  - RDBMSAuthStore             - Querying for user [admin]
2013-06-03 15:02:14,057 INFO  - RDBMSAuthStore             - Deleting all users except default
2013-06-03 15:02:14,059 INFO  - RDBMSAuthStore             - Retrieving all users
2013-06-03 15:02:14,062 INFO  - UsesRDBMS                  - Loading config
2013-06-03 15:02:14,067 INFO  - UsesRDBMS                  - Performing any DB migrations
2013-06-03 15:02:14,183 INFO  - DbMigrate                  - Current version of schema "PUBLIC": 201305311019
2013-06-03 15:02:14,189 INFO  - DbMigrate                  - Schema "PUBLIC" is up to date. No migration necessary.
2013-06-03 15:02:14,190 INFO  - UsesRDBMS                  - Creating connection pool
2013-06-03 15:02:14,190 WARN  - BoneCPConfig               - Max Connections < 1. Setting to 20
2013-06-03 15:02:14,200 INFO  - RDBMSAuthStore             - Checking for default user
2013-06-03 15:02:14,202 INFO  - RDBMSAuthStore             - Querying for user [admin]
2013-06-03 15:02:14,203 INFO  - RDBMSAuthStore             - Deleting all users except default
2013-06-03 15:02:14,204 INFO  - RDBMSAuthStore             - Adding user [fred], isDefault [false]
2013-06-03 15:02:14,205 INFO  - RDBMSAuthStore             - Updating user [fred]
2013-06-03 15:02:14,207 INFO  - RDBMSAuthStore             - Querying for user [fred]
2013-06-03 15:02:14,213 INFO  - UsesRDBMS                  - Loading config
2013-06-03 15:02:14,215 INFO  - UsesRDBMS                  - Performing any DB migrations
2013-06-03 15:02:14,358 INFO  - DbMigrate                  - Current version of schema "PUBLIC": 201305311019
2013-06-03 15:02:14,367 INFO  - DbMigrate                  - Schema "PUBLIC" is up to date. No migration necessary.
2013-06-03 15:02:14,367 INFO  - UsesRDBMS                  - Creating connection pool
2013-06-03 15:02:14,368 WARN  - BoneCPConfig               - Max Connections < 1. Setting to 20
2013-06-03 15:02:14,374 INFO  - RDBMSAuthStore             - Checking for default user
2013-06-03 15:02:14,375 INFO  - RDBMSAuthStore             - Querying for user [admin]
2013-06-03 15:02:14,376 INFO  - RDBMSAuthStore             - Deleting all users except default
2013-06-03 15:02:14,377 INFO  - RDBMSAuthStore             - Querying for user [missing]
2013-06-03 15:02:14,378 INFO  - UsesRDBMS                  - Loading config
2013-06-03 15:02:14,379 INFO  - UsesRDBMS                  - Performing any DB migrations
2013-06-03 15:02:14,537 INFO  - DbMigrate                  - Current version of schema "PUBLIC": 201305311019
2013-06-03 15:02:14,546 INFO  - DbMigrate                  - Schema "PUBLIC" is up to date. No migration necessary.
2013-06-03 15:02:14,546 INFO  - UsesRDBMS                  - Creating connection pool
2013-06-03 15:02:14,547 WARN  - BoneCPConfig               - Max Connections < 1. Setting to 20
2013-06-03 15:02:14,566 INFO  - RDBMSAuthStore             - Checking for default user
2013-06-03 15:02:14,566 INFO  - RDBMSAuthStore             - Querying for user [admin]
2013-06-03 15:02:14,584 INFO  - RDBMSAuthStore             - Deleting all users except default
2013-06-03 15:02:14,585 INFO  - RDBMSAuthStore             - Adding user [one], isDefault [false]
2013-06-03 15:02:14,587 INFO  - RDBMSAuthStore             - Querying for user [one]
2013-06-03 15:02:14,593 INFO  - UsesRDBMS                  - Loading config
2013-06-03 15:02:14,595 INFO  - UsesRDBMS                  - Performing any DB migrations
2013-06-03 15:02:14,697 INFO  - DbMigrate                  - Current version of schema "PUBLIC": 201305311019
2013-06-03 15:02:14,704 INFO  - DbMigrate                  - Schema "PUBLIC" is up to date. No migration necessary.
2013-06-03 15:02:14,704 INFO  - UsesRDBMS                  - Creating connection pool
2013-06-03 15:02:14,705 WARN  - BoneCPConfig               - Max Connections < 1. Setting to 20
2013-06-03 15:02:14,710 INFO  - RDBMSAuthStore             - Checking for default user
2013-06-03 15:02:14,711 INFO  - RDBMSAuthStore             - Querying for user [admin]
2013-06-03 15:02:14,716 INFO  - RDBMSAuthStore             - Deleting all users except default
2013-06-03 15:02:14,717 INFO  - RDBMSAuthStore             - Adding user [one], isDefault [false]
2013-06-03 15:02:14,718 INFO  - RDBMSAuthStore             - Retrieving all users
2013-06-03 15:02:14,719 INFO  - RDBMSAuthStore             - Deleting all users except default
2013-06-03 15:02:14,722 INFO  - RDBMSAuthStore             - Retrieving all users
2013-06-03 15:02:14,723 INFO  - RDBMSAuthStore             - Retrieving all users
Tests run: 12, Failures: 0, Errors: 0, Skipped: 0, Time elapsed: 4.169 sec
Running statik.content.ContentItemTest
Tests run: 2, Failures: 0, Errors: 0, Skipped: 0, Time elapsed: 0.017 sec
Running statik.content.RDBMSContentStoreTest
2013-06-03 15:02:14,761 INFO  - UsesRDBMS                  - Loading config
2013-06-03 15:02:14,763 INFO  - UsesRDBMS                  - Performing any DB migrations
2013-06-03 15:02:14,907 INFO  - DbMigrate                  - Current version of schema "PUBLIC": 201305311019
2013-06-03 15:02:14,914 INFO  - DbMigrate                  - Schema "PUBLIC" is up to date. No migration necessary.
2013-06-03 15:02:14,914 INFO  - UsesRDBMS                  - Creating connection pool
2013-06-03 15:02:14,915 WARN  - BoneCPConfig               - Max Connections < 1. Setting to 20
2013-06-03 15:02:14,922 DEBUG - RDBMSContentStore          - Clearing ALL content items
2013-06-03 15:02:14,926 DEBUG - RDBMSContentStore          - Inserting or updating content item with domain [domain], path [/path], language [en] and selector [html > body > p]
2013-06-03 15:02:14,961 DEBUG - RDBMSContentStore          - Inserting or updating content item with domain [domain], path [/path], language [en] and selector [html > body > div > span]
2013-06-03 15:02:14,975 INFO  - RDBMSContentStore          - Retrieving content for domain [domain], path [/path], selector [html > body > p] and language [en]
2013-06-03 15:02:14,978 INFO  - UsesRDBMS                  - Loading config
2013-06-03 15:02:14,980 INFO  - UsesRDBMS                  - Performing any DB migrations
2013-06-03 15:02:15,112 INFO  - DbMigrate                  - Current version of schema "PUBLIC": 201305311019
2013-06-03 15:02:15,127 INFO  - DbMigrate                  - Schema "PUBLIC" is up to date. No migration necessary.
2013-06-03 15:02:15,128 INFO  - UsesRDBMS                  - Creating connection pool
2013-06-03 15:02:15,128 WARN  - BoneCPConfig               - Max Connections < 1. Setting to 20
2013-06-03 15:02:15,135 DEBUG - RDBMSContentStore          - Clearing ALL content items
2013-06-03 15:02:15,138 INFO  - RDBMSContentStore          - Retrieving content for domain [domain], language [en] and path [/path]
2013-06-03 15:02:15,143 DEBUG - RDBMSContentStore          - Inserting or updating content item with domain [domain], path [/path], language [en] and selector [selector]
2013-06-03 15:02:15,145 INFO  - RDBMSContentStore          - Retrieving content for domain [domain], language [en] and path [/path]
2013-06-03 15:02:15,151 INFO  - UsesRDBMS                  - Loading config
2013-06-03 15:02:15,159 INFO  - UsesRDBMS                  - Performing any DB migrations
2013-06-03 15:02:15,284 INFO  - DbMigrate                  - Current version of schema "PUBLIC": 201305311019
2013-06-03 15:02:15,298 INFO  - DbMigrate                  - Schema "PUBLIC" is up to date. No migration necessary.
2013-06-03 15:02:15,299 INFO  - UsesRDBMS                  - Creating connection pool
2013-06-03 15:02:15,300 WARN  - BoneCPConfig               - Max Connections < 1. Setting to 20
2013-06-03 15:02:15,308 DEBUG - RDBMSContentStore          - Clearing ALL content items
2013-06-03 15:02:15,310 DEBUG - RDBMSContentStore          - Inserting or updating content item with domain [domain], path [/path], language [fr] and selector [selector]
2013-06-03 15:02:15,313 INFO  - RDBMSContentStore          - Retrieving content for domain [domain], path [/path], selector [selector] and language [fr]
2013-06-03 15:02:15,320 INFO  - UsesRDBMS                  - Loading config
2013-06-03 15:02:15,322 INFO  - UsesRDBMS                  - Performing any DB migrations
2013-06-03 15:02:15,443 INFO  - DbMigrate                  - Current version of schema "PUBLIC": 201305311019
2013-06-03 15:02:15,454 INFO  - DbMigrate                  - Schema "PUBLIC" is up to date. No migration necessary.
2013-06-03 15:02:15,455 INFO  - UsesRDBMS                  - Creating connection pool
2013-06-03 15:02:15,464 WARN  - BoneCPConfig               - Max Connections < 1. Setting to 20
2013-06-03 15:02:15,499 DEBUG - RDBMSContentStore          - Clearing ALL content items
2013-06-03 15:02:15,500 DEBUG - RDBMSContentStore          - Inserting or updating content item with domain [domain], path [/path], language [en] and selector [html > body > p.1]
2013-06-03 15:02:15,513 DEBUG - RDBMSContentStore          - Inserting or updating content item with domain [domain], path [/path], language [en] and selector [html > body > p.2]
2013-06-03 15:02:15,515 DEBUG - RDBMSContentStore          - Making content items for domain [domain] and path [/path] live
2013-06-03 15:02:15,517 INFO  - RDBMSContentStore          - Retrieving content for domain [domain], language [en] and path [/path]
2013-06-03 15:02:15,524 INFO  - UsesRDBMS                  - Loading config
2013-06-03 15:02:15,526 INFO  - UsesRDBMS                  - Performing any DB migrations
2013-06-03 15:02:15,640 INFO  - DbMigrate                  - Current version of schema "PUBLIC": 201305311019
2013-06-03 15:02:15,650 INFO  - DbMigrate                  - Schema "PUBLIC" is up to date. No migration necessary.
2013-06-03 15:02:15,650 INFO  - UsesRDBMS                  - Creating connection pool
2013-06-03 15:02:15,651 WARN  - BoneCPConfig               - Max Connections < 1. Setting to 20
2013-06-03 15:02:15,661 DEBUG - RDBMSContentStore          - Clearing ALL content items
2013-06-03 15:02:15,667 DEBUG - RDBMSContentStore          - Inserting or updating content item with domain [domain], path [/path], language [en] and selector [selector0]
2013-06-03 15:02:15,670 DEBUG - RDBMSContentStore          - Inserting or updating content item with domain [domain], path [/path], language [en] and selector [selector1]
2013-06-03 15:02:15,672 DEBUG - RDBMSContentStore          - Inserting or updating content item with domain [domain], path [/path], language [en] and selector [selector2]
2013-06-03 15:02:15,674 DEBUG - RDBMSContentStore          - Inserting or updating content item with domain [domain], path [/path], language [en] and selector [selector3]
2013-06-03 15:02:15,677 DEBUG - RDBMSContentStore          - Inserting or updating content item with domain [domain], path [/path], language [en] and selector [selector4]
2013-06-03 15:02:15,684 INFO  - RDBMSContentStore          - Retrieving content for domain [domain], language [en] and path [/path]
2013-06-03 15:02:15,688 DEBUG - RDBMSContentStore          - Clearing ALL content items
2013-06-03 15:02:15,702 INFO  - RDBMSContentStore          - Retrieving content for domain [domain], language [en] and path [/path]
2013-06-03 15:02:15,704 INFO  - UsesRDBMS                  - Loading config
2013-06-03 15:02:15,708 INFO  - UsesRDBMS                  - Performing any DB migrations
2013-06-03 15:02:15,790 INFO  - DbMigrate                  - Current version of schema "PUBLIC": 201305311019
2013-06-03 15:02:15,795 INFO  - DbMigrate                  - Schema "PUBLIC" is up to date. No migration necessary.
2013-06-03 15:02:15,795 INFO  - UsesRDBMS                  - Creating connection pool
2013-06-03 15:02:15,797 WARN  - BoneCPConfig               - Max Connections < 1. Setting to 20
2013-06-03 15:02:15,805 DEBUG - RDBMSContentStore          - Clearing ALL content items
2013-06-03 15:02:15,809 DEBUG - RDBMSContentStore          - Inserting or updating content item with domain [domain], path [/path], language [en] and selector [p]
2013-06-03 15:02:15,811 DEBUG - RDBMSContentStore          - Inserting or updating content item with domain [domain], path [/path], language [en] and selector [p]
2013-06-03 15:02:15,813 INFO  - RDBMSContentStore          - Retrieving content for domain [domain], language [en] and path [/path]
Tests run: 6, Failures: 0, Errors: 0, Skipped: 0, Time elapsed: 1.063 sec
Running statik.session.InMemorySessionStoreTest
Tests run: 3, Failures: 0, Errors: 0, Skipped: 0, Time elapsed: 0.001 sec
Running statik.session.RDBMSSessionStoreTest
2013-06-03 15:02:15,842 INFO  - UsesRDBMS                  - Loading config
2013-06-03 15:02:15,844 INFO  - UsesRDBMS                  - Performing any DB migrations
2013-06-03 15:02:15,911 INFO  - DbMigrate                  - Current version of schema "PUBLIC": 201305311019
2013-06-03 15:02:15,915 INFO  - DbMigrate                  - Schema "PUBLIC" is up to date. No migration necessary.
2013-06-03 15:02:15,915 INFO  - UsesRDBMS                  - Creating connection pool
2013-06-03 15:02:15,916 WARN  - BoneCPConfig               - Max Connections < 1. Setting to 20
2013-06-03 15:02:15,918 DEBUG - RDBMSSessionStore          - creating session for [bob]
2013-06-03 15:02:15,921 INFO  - RDBMSSessionStore          - Checking for existing session for [7480ddf8-0c8c-4e3f-9bad-c8a91e6eb08a]
2013-06-03 15:02:15,923 INFO  - UsesRDBMS                  - Loading config
2013-06-03 15:02:15,924 INFO  - UsesRDBMS                  - Performing any DB migrations
2013-06-03 15:02:16,009 INFO  - DbMigrate                  - Current version of schema "PUBLIC": 201305311019
2013-06-03 15:02:16,012 INFO  - DbMigrate                  - Schema "PUBLIC" is up to date. No migration necessary.
2013-06-03 15:02:16,013 INFO  - UsesRDBMS                  - Creating connection pool
2013-06-03 15:02:16,013 WARN  - BoneCPConfig               - Max Connections < 1. Setting to 20
2013-06-03 15:02:16,022 DEBUG - RDBMSSessionStore          - creating session for [bob]
2013-06-03 15:02:16,023 INFO  - UsesRDBMS                  - Loading config
2013-06-03 15:02:16,025 INFO  - UsesRDBMS                  - Performing any DB migrations
2013-06-03 15:02:16,178 INFO  - DbMigrate                  - Current version of schema "PUBLIC": 201305311019
2013-06-03 15:02:16,185 INFO  - DbMigrate                  - Schema "PUBLIC" is up to date. No migration necessary.
2013-06-03 15:02:16,185 INFO  - UsesRDBMS                  - Creating connection pool
2013-06-03 15:02:16,186 WARN  - BoneCPConfig               - Max Connections < 1. Setting to 20
2013-06-03 15:02:16,197 DEBUG - RDBMSSessionStore          - creating session for [bob]
2013-06-03 15:02:16,198 INFO  - RDBMSSessionStore          - Retrieving username for sessionId [83783f23-21e3-4bdb-8d17-a606a3dd3445]
2013-06-03 15:02:16,202 INFO  - UsesRDBMS                  - Loading config
2013-06-03 15:02:16,203 INFO  - UsesRDBMS                  - Performing any DB migrations
2013-06-03 15:02:16,291 INFO  - DbMigrate                  - Current version of schema "PUBLIC": 201305311019
2013-06-03 15:02:16,305 INFO  - DbMigrate                  - Schema "PUBLIC" is up to date. No migration necessary.
2013-06-03 15:02:16,305 INFO  - UsesRDBMS                  - Creating connection pool
2013-06-03 15:02:16,305 WARN  - BoneCPConfig               - Max Connections < 1. Setting to 20
2013-06-03 15:02:16,312 DEBUG - RDBMSSessionStore          - creating session for [bob]
2013-06-03 15:02:16,313 DEBUG - RDBMSSessionStore          - creating session for [fred]
2013-06-03 15:02:16,313 INFO  - RDBMSSessionStore          - Checking for existing session for [f6477a63-d8fd-43d6-9a1b-87b5b95abaaf]
2013-06-03 15:02:16,318 INFO  - RDBMSSessionStore          - Checking for existing session for [4fd9f8f6-c7d0-416d-afc1-b60d2598543a]
2013-06-03 15:02:16,320 DEBUG - RDBMSSessionStore          - Clearing ALL sessions
2013-06-03 15:02:16,320 INFO  - RDBMSSessionStore          - Checking for existing session for [f6477a63-d8fd-43d6-9a1b-87b5b95abaaf]
2013-06-03 15:02:16,322 INFO  - RDBMSSessionStore          - Checking for existing session for [4fd9f8f6-c7d0-416d-afc1-b60d2598543a]
2013-06-03 15:02:16,325 INFO  - UsesRDBMS                  - Loading config
2013-06-03 15:02:16,326 INFO  - UsesRDBMS                  - Performing any DB migrations
2013-06-03 15:02:16,475 INFO  - DbMigrate                  - Current version of schema "PUBLIC": 201305311019
2013-06-03 15:02:16,479 INFO  - DbMigrate                  - Schema "PUBLIC" is up to date. No migration necessary.
2013-06-03 15:02:16,479 INFO  - UsesRDBMS                  - Creating connection pool
2013-06-03 15:02:16,480 WARN  - BoneCPConfig               - Max Connections < 1. Setting to 20
2013-06-03 15:02:16,484 DEBUG - RDBMSSessionStore          - creating session for [bob]
2013-06-03 15:02:16,487 INFO  - RDBMSSessionStore          - Deleting session with sessionId [43851262-29d3-4de5-8a1f-c97ad0d3f2fd]
2013-06-03 15:02:16,488 INFO  - RDBMSSessionStore          - Checking for existing session for [43851262-29d3-4de5-8a1f-c97ad0d3f2fd]
Tests run: 5, Failures: 0, Errors: 0, Skipped: 0, Time elapsed: 0.661 sec
Running statik.util.InternationalisationReplacerTest
Tests run: 2, Failures: 0, Errors: 0, Skipped: 0, Time elapsed: 0.468 sec
Running statik.util.PasswordValidatorTest
Tests run: 7, Failures: 0, Errors: 0, Skipped: 0, Time elapsed: 0.003 sec
Running statik.util.PropertiesLoaderTest
2013-06-03 15:02:16,985 DEBUG - PropertiesLoader           - Loaded 1 properties
Tests run: 2, Failures: 0, Errors: 0, Skipped: 0, Time elapsed: 0.007 sec
Running statik.util.UsernameValidatorTest
Tests run: 6, Failures: 0, Errors: 0, Skipped: 0, Time elapsed: 0.008 sec

Results :

Tests run: 48, Failures: 0, Errors: 0, Skipped: 0

[INFO] 
[INFO] --- maven-war-plugin:2.1.1:war (default-war) @ statik ---
[INFO] Packaging webapp
[INFO] Assembling webapp [statik] in [/Users/rory/work/personal/statik/target/ROOT]
[INFO] Processing war project
[INFO] Copying webapp resources [/Users/rory/work/personal/statik/src/main/webapp]
[INFO] Webapp assembled in [719 msecs]
[INFO] Building war: /Users/rory/work/personal/statik/target/ROOT.war
[INFO] WEB-INF/web.xml already added, skipping
[INFO] 
[INFO] >>> jetty-maven-plugin:8.1.10.v20130312:start (start-jetty) @ statik >>>
[INFO] 
[INFO] <<< jetty-maven-plugin:8.1.10.v20130312:start (start-jetty) @ statik <<<
[INFO] 
[INFO] --- jetty-maven-plugin:8.1.10.v20130312:start (start-jetty) @ statik ---
[INFO] Configuring Jetty for project: statik
[INFO] webAppSourceDirectory not set. Defaulting to /Users/rory/work/personal/statik/src/main/webapp
[INFO] Reload Mechanic: automatic
[INFO] Classes = /Users/rory/work/personal/statik/target/classes
[INFO] Context path = /
[INFO] Tmp directory = /Users/rory/work/personal/statik/target/tmp
[INFO] Web defaults = org/eclipse/jetty/webapp/webdefault.xml
[INFO] Web overrides =  none
[INFO] web.xml file = file:/Users/rory/work/personal/statik/src/main/webapp/WEB-INF/web.xml
[INFO] Webapp directory = /Users/rory/work/personal/statik/src/main/webapp
2013-06-03 15:02:28,017 INFO  - Main                       - Configuring from [config.properties]
2013-06-03 15:02:28,197 DEBUG - Main                       - Test mode is true
2013-06-03 15:02:28,197 DEBUG - Main                       - File base is /Users/rory/work/personal/statik/test-website
2013-06-03 15:02:28,197 DEBUG - Main                       - Welcome file is index.html
2013-06-03 15:02:28,197 DEBUG - Main                       - 404 file is 404.html
2013-06-03 15:02:28,197 DEBUG - Main                       - Port is 4567
2013-06-03 15:02:28,202 INFO  - UsesRDBMS                  - Loading config
2013-06-03 15:02:28,205 INFO  - UsesRDBMS                  - Performing any DB migrations
2013-06-03 15:02:29,669 INFO  - MetaDataTableImpl          - Creating Metadata table: "PUBLIC"."schema_version"
2013-06-03 15:02:29,860 INFO  - DbMigrate                  - Current version of schema "PUBLIC": << Empty Schema >>
2013-06-03 15:02:29,860 INFO  - DbMigrate                  - Migrating schema "PUBLIC" to version 201305301300
2013-06-03 15:02:29,947 INFO  - DbMigrate                  - Migrating schema "PUBLIC" to version 201305310719
2013-06-03 15:02:30,018 INFO  - DbMigrate                  - Migrating schema "PUBLIC" to version 201305311019
2013-06-03 15:02:30,092 INFO  - DbMigrate                  - Successfully applied 3 migrations to schema "PUBLIC" (execution time 00:00.428s).
2013-06-03 15:02:30,092 INFO  - UsesRDBMS                  - Creating connection pool
2013-06-03 15:02:30,121 WARN  - BoneCPConfig               - Max Connections < 1. Setting to 20
2013-06-03 15:02:30,262 INFO  - UsesRDBMS                  - Loading config
2013-06-03 15:02:30,263 INFO  - UsesRDBMS                  - Performing any DB migrations
2013-06-03 15:02:30,442 INFO  - DbMigrate                  - Current version of schema "PUBLIC": 201305311019
2013-06-03 15:02:30,453 INFO  - DbMigrate                  - Schema "PUBLIC" is up to date. No migration necessary.
2013-06-03 15:02:30,453 INFO  - UsesRDBMS                  - Creating connection pool
2013-06-03 15:02:30,462 WARN  - BoneCPConfig               - Max Connections < 1. Setting to 20
2013-06-03 15:02:30,476 INFO  - RDBMSAuthStore             - Checking for default user
2013-06-03 15:02:30,476 INFO  - RDBMSAuthStore             - Querying for user [admin]
2013-06-03 15:02:30,491 INFO  - RDBMSAuthStore             - Adding user [admin], isDefault [true]
2013-06-03 15:02:30,494 INFO  - RDBMSAuthStore             - Retrieving all users
2013-06-03 15:02:30,505 INFO  - UsesRDBMS                  - Loading config
2013-06-03 15:02:30,506 INFO  - UsesRDBMS                  - Performing any DB migrations
2013-06-03 15:02:30,655 INFO  - DbMigrate                  - Current version of schema "PUBLIC": 201305311019
2013-06-03 15:02:30,662 INFO  - DbMigrate                  - Schema "PUBLIC" is up to date. No migration necessary.
2013-06-03 15:02:30,666 INFO  - UsesRDBMS                  - Creating connection pool
2013-06-03 15:02:30,679 WARN  - BoneCPConfig               - Max Connections < 1. Setting to 20
2013-06-03 15:02:30,687 INFO  - Main                       - Setting up test-only routes
2013-06-03 15:02:30,689 INFO  - Main                       - Setting up statik routes
2013-06-03 15:02:30,695 INFO  - Main                       - Setting up editable site routes
[INFO] Started Jetty Server
[INFO] Starting scanner at interval of 10 seconds.
[INFO] 
[INFO] --- maven-failsafe-plugin:2.14:integration-test (default) @ statik ---
[INFO] Failsafe report directory: /Users/rory/work/personal/statik/target/failsafe-reports

-------------------------------------------------------
 T E S T S
-------------------------------------------------------
Running statik.integration.EditingIT
2013-06-03 15:02:45,847 INFO  - RDBMSSessionStore          - Checking for existing session for [null]
2013-06-03 15:02:45,849 INFO  - RDBMSSessionStore          - Checking for existing session for [null]
2013-06-03 15:02:47,563 DEBUG - EditableFileRoute          - GET on [localhost], path=/favicon.ico
2013-06-03 15:02:47,643 DEBUG - EditableFileRoute          - GET on [localhost], path=/favicon.ico
2013-06-03 15:02:47,858 DEBUG - LoginRoute                 - POST to /statik-auth for user [admin], originalDomain is []
2013-06-03 15:02:47,858 INFO  - RDBMSAuthStore             - Querying for user [admin]
2013-06-03 15:02:47,862 DEBUG - RDBMSSessionStore          - creating session for [admin]
2013-06-03 15:02:47,894 DEBUG - EditableFileRoute          - GET on [localhost], path=/
2013-06-03 15:02:47,894 DEBUG - EditableFileRoute          - File is candidate for content editing
2013-06-03 15:02:47,895 INFO  - RDBMSSessionStore          - Checking for existing session for [0364175b-b06b-44d2-8187-a01590107e96]
2013-06-03 15:02:48,110 INFO  - RDBMSContentStore          - Retrieving content for domain [localhost], language [en] and path [/]
2013-06-03 15:02:48,113 DEBUG - EditableFileRoute          - Making page editable
2013-06-03 15:02:48,169 DEBUG - EditableFileRoute          - GET on [localhost], path=/styles.css
2013-06-03 15:02:48,438 DEBUG - SecureFilter               - Secured path [/statik/control-box]
2013-06-03 15:02:48,438 INFO  - RDBMSSessionStore          - Checking for existing session for [0364175b-b06b-44d2-8187-a01590107e96]
2013-06-03 15:02:48,439 DEBUG - SecureFilter               - Already cookied
2013-06-03 15:02:49,012 DEBUG - EditableFileRoute          - GET on [localhost], path=/one-para.html
2013-06-03 15:02:49,012 DEBUG - EditableFileRoute          - File is candidate for content editing
2013-06-03 15:02:49,012 INFO  - RDBMSSessionStore          - Checking for existing session for [0364175b-b06b-44d2-8187-a01590107e96]
2013-06-03 15:02:49,013 INFO  - RDBMSContentStore          - Retrieving content for domain [localhost], language [en] and path [/one-para.html]
2013-06-03 15:02:49,034 DEBUG - EditableFileRoute          - Making page editable
2013-06-03 15:02:49,079 DEBUG - EditableFileRoute          - GET on [localhost], path=/styles.css
2013-06-03 15:02:49,431 DEBUG - SecureFilter               - Secured path [/statik/control-box]
2013-06-03 15:02:49,432 INFO  - RDBMSSessionStore          - Checking for existing session for [0364175b-b06b-44d2-8187-a01590107e96]
2013-06-03 15:02:49,433 DEBUG - SecureFilter               - Already cookied
2013-06-03 15:02:52,152 DEBUG - SecureFilter               - Secured path [/statik/editor]
2013-06-03 15:02:52,152 INFO  - RDBMSSessionStore          - Checking for existing session for [0364175b-b06b-44d2-8187-a01590107e96]
2013-06-03 15:02:52,169 DEBUG - SecureFilter               - Already cookied
2013-06-03 15:02:52,170 INFO  - RDBMSContentStore          - Retrieving content for domain [localhost], path [/one-para.html], selector [html > body > section > p] and language [en]
2013-06-03 15:02:52,357 DEBUG - EditorRoute                - Couldn't find content in the DB; assume first time we've edited this element, pass back content from page [content]
2013-06-03 15:02:55,913 DEBUG - SecureFilter               - Secured path [/statik/content]
2013-06-03 15:02:55,913 INFO  - RDBMSSessionStore          - Checking for existing session for [0364175b-b06b-44d2-8187-a01590107e96]
2013-06-03 15:02:55,916 DEBUG - SecureFilter               - Already cookied
2013-06-03 15:02:55,916 DEBUG - ContentRoute               - POST with selector [html > body > section > p], domain [localhost], path [/one-para.html], content [new content], lang [en]
2013-06-03 15:02:55,918 DEBUG - RDBMSContentStore          - Inserting or updating content item with domain [localhost], path [/one-para.html], language [en] and selector [html > body > section > p]
2013-06-03 15:02:56,000 DEBUG - EditableFileRoute          - GET on [localhost], path=/one-para.html
2013-06-03 15:02:56,000 DEBUG - EditableFileRoute          - File is candidate for content editing
2013-06-03 15:02:56,000 INFO  - RDBMSSessionStore          - Checking for existing session for [0364175b-b06b-44d2-8187-a01590107e96]
2013-06-03 15:02:56,002 INFO  - RDBMSContentStore          - Retrieving content for domain [localhost], language [en] and path [/one-para.html]
2013-06-03 15:02:56,011 DEBUG - EditableFileRoute          - Replaced element with selector [html > body > section > p] with English content [new content]
2013-06-03 15:02:56,011 DEBUG - EditableFileRoute          - Making page editable
2013-06-03 15:02:56,160 DEBUG - EditableFileRoute          - GET on [localhost], path=/styles.css
2013-06-03 15:02:56,516 DEBUG - SecureFilter               - Secured path [/statik/control-box]
2013-06-03 15:02:56,516 INFO  - RDBMSSessionStore          - Checking for existing session for [0364175b-b06b-44d2-8187-a01590107e96]
2013-06-03 15:02:56,521 DEBUG - SecureFilter               - Already cookied
2013-06-03 15:02:56,718 DEBUG - SecureFilter               - Secured path [/statik/clear-db]
2013-06-03 15:02:56,718 INFO  - RDBMSSessionStore          - Checking for existing session for [0364175b-b06b-44d2-8187-a01590107e96]
2013-06-03 15:02:56,721 DEBUG - SecureFilter               - Already cookied
2013-06-03 15:02:56,721 DEBUG - RDBMSContentStore          - Clearing ALL content items
2013-06-03 15:02:56,722 DEBUG - RDBMSSessionStore          - Clearing ALL sessions
2013-06-03 15:02:56,723 INFO  - RDBMSAuthStore             - Deleting all users except default
2013-06-03 15:02:56,891 INFO  - RDBMSSessionStore          - Checking for existing session for [0364175b-b06b-44d2-8187-a01590107e96]
2013-06-03 15:02:56,893 INFO  - RDBMSSessionStore          - Checking for existing session for [0364175b-b06b-44d2-8187-a01590107e96]
2013-06-03 15:02:57,480 DEBUG - LoginRoute                 - POST to /statik-auth for user [admin], originalDomain is []
2013-06-03 15:02:57,480 INFO  - RDBMSAuthStore             - Querying for user [admin]
2013-06-03 15:02:57,481 DEBUG - RDBMSSessionStore          - creating session for [admin]
2013-06-03 15:02:57,523 DEBUG - EditableFileRoute          - GET on [localhost], path=/
2013-06-03 15:02:57,523 DEBUG - EditableFileRoute          - File is candidate for content editing
2013-06-03 15:02:57,531 INFO  - RDBMSSessionStore          - Checking for existing session for [ad854bbb-4d9b-4ab4-9841-3f8249473379]
2013-06-03 15:02:57,534 INFO  - RDBMSContentStore          - Retrieving content for domain [localhost], language [en] and path [/]
2013-06-03 15:02:57,538 DEBUG - EditableFileRoute          - Making page editable
2013-06-03 15:02:57,707 DEBUG - EditableFileRoute          - GET on [localhost], path=/styles.css
2013-06-03 15:02:58,258 DEBUG - SecureFilter               - Secured path [/statik/control-box]
2013-06-03 15:02:58,258 INFO  - RDBMSSessionStore          - Checking for existing session for [ad854bbb-4d9b-4ab4-9841-3f8249473379]
2013-06-03 15:02:58,261 DEBUG - SecureFilter               - Already cookied
2013-06-03 15:02:58,789 DEBUG - EditableFileRoute          - GET on [localhost], path=/one-para.html
2013-06-03 15:02:58,789 DEBUG - EditableFileRoute          - File is candidate for content editing
2013-06-03 15:02:58,789 INFO  - RDBMSSessionStore          - Checking for existing session for [ad854bbb-4d9b-4ab4-9841-3f8249473379]
2013-06-03 15:02:58,791 INFO  - RDBMSContentStore          - Retrieving content for domain [localhost], language [en] and path [/one-para.html]
2013-06-03 15:02:58,795 DEBUG - EditableFileRoute          - Making page editable
2013-06-03 15:02:58,863 DEBUG - EditableFileRoute          - GET on [localhost], path=/styles.css
2013-06-03 15:02:59,185 DEBUG - SecureFilter               - Secured path [/statik/control-box]
2013-06-03 15:02:59,186 INFO  - RDBMSSessionStore          - Checking for existing session for [ad854bbb-4d9b-4ab4-9841-3f8249473379]
2013-06-03 15:02:59,189 DEBUG - SecureFilter               - Already cookied
2013-06-03 15:02:59,775 DEBUG - SecureFilter               - Secured path [/statik/content]
2013-06-03 15:02:59,775 INFO  - RDBMSSessionStore          - Checking for existing session for [ad854bbb-4d9b-4ab4-9841-3f8249473379]
2013-06-03 15:02:59,776 DEBUG - SecureFilter               - Already cookied
2013-06-03 15:02:59,776 DEBUG - ContentRoute               - POST with selector [html > body > section > p:nth-of-type(2)], domain [localhost], path [/one-para.html], content [content], lang []
2013-06-03 15:02:59,776 DEBUG - RDBMSContentStore          - Inserting or updating content item with domain [localhost], path [/one-para.html], language [en] and selector [html > body > section > p:nth-of-type(2)]
2013-06-03 15:03:02,222 DEBUG - SecureFilter               - Secured path [/statik/editor]
2013-06-03 15:03:02,222 INFO  - RDBMSSessionStore          - Checking for existing session for [ad854bbb-4d9b-4ab4-9841-3f8249473379]
2013-06-03 15:03:02,224 DEBUG - SecureFilter               - Already cookied
2013-06-03 15:03:02,225 INFO  - RDBMSContentStore          - Retrieving content for domain [localhost], path [/one-para.html], selector [html > body > section > p:nth-of-type(2)] and language [en]
2013-06-03 15:03:02,383 DEBUG - EditorRoute                - Found the content in the DB, passing that to load the editor
2013-06-03 15:03:05,247 DEBUG - SecureFilter               - Secured path [/statik/content]
2013-06-03 15:03:05,248 INFO  - RDBMSSessionStore          - Checking for existing session for [ad854bbb-4d9b-4ab4-9841-3f8249473379]
2013-06-03 15:03:05,248 DEBUG - SecureFilter               - Already cookied
2013-06-03 15:03:05,249 DEBUG - ContentRoute               - POST with selector [html > body > section > p:nth-of-type(2)], domain [localhost], path [/one-para.html], content [copied], lang [en]
2013-06-03 15:03:05,250 DEBUG - RDBMSContentStore          - Inserting or updating content item with domain [localhost], path [/one-para.html], language [en] and selector [html > body > section > p:nth-of-type(2)]
2013-06-03 15:03:05,263 DEBUG - EditableFileRoute          - GET on [localhost], path=/one-para.html
2013-06-03 15:03:05,263 DEBUG - EditableFileRoute          - File is candidate for content editing
2013-06-03 15:03:05,264 INFO  - RDBMSSessionStore          - Checking for existing session for [ad854bbb-4d9b-4ab4-9841-3f8249473379]
2013-06-03 15:03:05,265 INFO  - RDBMSContentStore          - Retrieving content for domain [localhost], language [en] and path [/one-para.html]
2013-06-03 15:03:05,268 DEBUG - EditableFileRoute          - Element doesn't exist; must be a copy. Creating and inserting
2013-06-03 15:03:05,268 DEBUG - EditableFileRoute          - Creating element with sibling selector [html > body > section > p], tagName [p]
2013-06-03 15:03:05,268 DEBUG - EditableFileRoute          - Making page editable
2013-06-03 15:03:05,382 DEBUG - EditableFileRoute          - GET on [localhost], path=/styles.css
2013-06-03 15:03:05,703 DEBUG - EditableFileRoute          - GET on [localhost], path=/one-para.html
2013-06-03 15:03:05,703 DEBUG - EditableFileRoute          - File is candidate for content editing
2013-06-03 15:03:05,703 INFO  - RDBMSSessionStore          - Checking for existing session for [ad854bbb-4d9b-4ab4-9841-3f8249473379]
2013-06-03 15:03:05,706 INFO  - RDBMSContentStore          - Retrieving content for domain [localhost], language [en] and path [/one-para.html]
2013-06-03 15:03:05,708 DEBUG - EditableFileRoute          - Element doesn't exist; must be a copy. Creating and inserting
2013-06-03 15:03:05,708 DEBUG - EditableFileRoute          - Creating element with sibling selector [html > body > section > p], tagName [p]
2013-06-03 15:03:05,708 DEBUG - EditableFileRoute          - Making page editable
2013-06-03 15:03:05,773 DEBUG - EditableFileRoute          - GET on [localhost], path=/styles.css
2013-06-03 15:03:06,023 DEBUG - SecureFilter               - Secured path [/statik/control-box]
2013-06-03 15:03:06,023 INFO  - RDBMSSessionStore          - Checking for existing session for [ad854bbb-4d9b-4ab4-9841-3f8249473379]
2013-06-03 15:03:06,024 DEBUG - SecureFilter               - Already cookied
2013-06-03 15:03:06,312 DEBUG - SecureFilter               - Secured path [/statik/clear-db]
2013-06-03 15:03:06,312 INFO  - RDBMSSessionStore          - Checking for existing session for [ad854bbb-4d9b-4ab4-9841-3f8249473379]
2013-06-03 15:03:06,313 DEBUG - SecureFilter               - Already cookied
2013-06-03 15:03:06,313 DEBUG - RDBMSContentStore          - Clearing ALL content items
2013-06-03 15:03:06,314 DEBUG - RDBMSSessionStore          - Clearing ALL sessions
2013-06-03 15:03:06,314 INFO  - RDBMSAuthStore             - Deleting all users except default
2013-06-03 15:03:06,448 INFO  - RDBMSSessionStore          - Checking for existing session for [ad854bbb-4d9b-4ab4-9841-3f8249473379]
2013-06-03 15:03:06,449 INFO  - RDBMSSessionStore          - Checking for existing session for [ad854bbb-4d9b-4ab4-9841-3f8249473379]
2013-06-03 15:03:06,898 DEBUG - LoginRoute                 - POST to /statik-auth for user [admin], originalDomain is []
2013-06-03 15:03:06,899 INFO  - RDBMSAuthStore             - Querying for user [admin]
2013-06-03 15:03:06,899 DEBUG - RDBMSSessionStore          - creating session for [admin]
2013-06-03 15:03:06,936 DEBUG - EditableFileRoute          - GET on [localhost], path=/
2013-06-03 15:03:06,936 DEBUG - EditableFileRoute          - File is candidate for content editing
2013-06-03 15:03:06,936 INFO  - RDBMSSessionStore          - Checking for existing session for [d5f69bd5-bd5d-434b-9c4b-92d351a85cac]
2013-06-03 15:03:06,939 INFO  - RDBMSContentStore          - Retrieving content for domain [localhost], language [en] and path [/]
2013-06-03 15:03:06,940 DEBUG - EditableFileRoute          - Making page editable
2013-06-03 15:03:07,016 DEBUG - EditableFileRoute          - GET on [localhost], path=/styles.css
2013-06-03 15:03:07,300 DEBUG - SecureFilter               - Secured path [/statik/control-box]
2013-06-03 15:03:07,300 INFO  - RDBMSSessionStore          - Checking for existing session for [d5f69bd5-bd5d-434b-9c4b-92d351a85cac]
2013-06-03 15:03:07,301 DEBUG - SecureFilter               - Already cookied
2013-06-03 15:03:07,645 DEBUG - EditableFileRoute          - GET on [localhost], path=/list.html
2013-06-03 15:03:07,645 DEBUG - EditableFileRoute          - File is candidate for content editing
2013-06-03 15:03:07,646 INFO  - RDBMSSessionStore          - Checking for existing session for [d5f69bd5-bd5d-434b-9c4b-92d351a85cac]
2013-06-03 15:03:07,650 INFO  - RDBMSContentStore          - Retrieving content for domain [localhost], language [en] and path [/list.html]
2013-06-03 15:03:07,652 DEBUG - EditableFileRoute          - Making page editable
2013-06-03 15:03:07,717 DEBUG - EditableFileRoute          - GET on [localhost], path=/styles.css
2013-06-03 15:03:07,962 DEBUG - SecureFilter               - Secured path [/statik/control-box]
2013-06-03 15:03:07,962 INFO  - RDBMSSessionStore          - Checking for existing session for [d5f69bd5-bd5d-434b-9c4b-92d351a85cac]
2013-06-03 15:03:07,964 DEBUG - SecureFilter               - Already cookied
2013-06-03 15:03:08,554 DEBUG - SecureFilter               - Secured path [/statik/editor]
2013-06-03 15:03:08,554 INFO  - RDBMSSessionStore          - Checking for existing session for [d5f69bd5-bd5d-434b-9c4b-92d351a85cac]
2013-06-03 15:03:08,555 DEBUG - SecureFilter               - Already cookied
2013-06-03 15:03:08,556 INFO  - RDBMSContentStore          - Retrieving content for domain [localhost], path [/list.html], selector [html > body > section > ul > li:nth-of-type(4)] and language [en]
2013-06-03 15:03:08,682 DEBUG - EditorRoute                - Couldn't find content in the DB; assume first time we've edited this element, pass back content from page [four]
2013-06-03 15:03:12,239 DEBUG - SecureFilter               - Secured path [/statik/content]
2013-06-03 15:03:12,239 INFO  - RDBMSSessionStore          - Checking for existing session for [d5f69bd5-bd5d-434b-9c4b-92d351a85cac]
2013-06-03 15:03:12,241 DEBUG - SecureFilter               - Already cookied
2013-06-03 15:03:12,241 DEBUG - ContentRoute               - POST with selector [html > body > section > ul > li:nth-of-type(4)], domain [localhost], path [/list.html], content [still the 4th, but different], lang [en]
2013-06-03 15:03:12,241 DEBUG - RDBMSContentStore          - Inserting or updating content item with domain [localhost], path [/list.html], language [en] and selector [html > body > section > ul > li:nth-of-type(4)]
2013-06-03 15:03:12,331 DEBUG - EditableFileRoute          - GET on [localhost], path=/list.html
2013-06-03 15:03:12,331 DEBUG - EditableFileRoute          - File is candidate for content editing
2013-06-03 15:03:12,331 INFO  - RDBMSSessionStore          - Checking for existing session for [d5f69bd5-bd5d-434b-9c4b-92d351a85cac]
2013-06-03 15:03:12,335 INFO  - RDBMSContentStore          - Retrieving content for domain [localhost], language [en] and path [/list.html]
2013-06-03 15:03:12,336 DEBUG - EditableFileRoute          - Replaced element with selector [html > body > section > ul > li:nth-of-type(4)] with English content [still the 4th, but different]
2013-06-03 15:03:12,337 DEBUG - EditableFileRoute          - Making page editable
2013-06-03 15:03:12,445 DEBUG - EditableFileRoute          - GET on [localhost], path=/styles.css
2013-06-03 15:03:12,714 DEBUG - SecureFilter               - Secured path [/statik/control-box]
2013-06-03 15:03:12,714 INFO  - RDBMSSessionStore          - Checking for existing session for [d5f69bd5-bd5d-434b-9c4b-92d351a85cac]
2013-06-03 15:03:12,715 DEBUG - SecureFilter               - Already cookied
2013-06-03 15:03:12,824 DEBUG - EditableFileRoute          - GET on [localhost], path=/list.html
2013-06-03 15:03:12,824 DEBUG - EditableFileRoute          - File is candidate for content editing
2013-06-03 15:03:12,824 INFO  - RDBMSSessionStore          - Checking for existing session for [d5f69bd5-bd5d-434b-9c4b-92d351a85cac]
2013-06-03 15:03:12,827 INFO  - RDBMSContentStore          - Retrieving content for domain [localhost], language [en] and path [/list.html]
2013-06-03 15:03:12,833 DEBUG - EditableFileRoute          - Replaced element with selector [html > body > section > ul > li:nth-of-type(4)] with English content [still the 4th, but different]
2013-06-03 15:03:12,834 DEBUG - EditableFileRoute          - Making page editable
2013-06-03 15:03:12,948 DEBUG - EditableFileRoute          - GET on [localhost], path=/styles.css
2013-06-03 15:03:13,223 DEBUG - SecureFilter               - Secured path [/statik/control-box]
2013-06-03 15:03:13,223 INFO  - RDBMSSessionStore          - Checking for existing session for [d5f69bd5-bd5d-434b-9c4b-92d351a85cac]
2013-06-03 15:03:13,226 DEBUG - SecureFilter               - Already cookied
2013-06-03 15:03:13,345 DEBUG - SecureFilter               - Secured path [/statik/clear-db]
2013-06-03 15:03:13,345 INFO  - RDBMSSessionStore          - Checking for existing session for [d5f69bd5-bd5d-434b-9c4b-92d351a85cac]
2013-06-03 15:03:13,346 DEBUG - SecureFilter               - Already cookied
2013-06-03 15:03:13,346 DEBUG - RDBMSContentStore          - Clearing ALL content items
2013-06-03 15:03:13,347 DEBUG - RDBMSSessionStore          - Clearing ALL sessions
2013-06-03 15:03:13,347 INFO  - RDBMSAuthStore             - Deleting all users except default
2013-06-03 15:03:13,551 INFO  - RDBMSSessionStore          - Checking for existing session for [d5f69bd5-bd5d-434b-9c4b-92d351a85cac]
2013-06-03 15:03:13,552 INFO  - RDBMSSessionStore          - Checking for existing session for [d5f69bd5-bd5d-434b-9c4b-92d351a85cac]
2013-06-03 15:03:14,005 DEBUG - LoginRoute                 - POST to /statik-auth for user [admin], originalDomain is []
2013-06-03 15:03:14,005 INFO  - RDBMSAuthStore             - Querying for user [admin]
2013-06-03 15:03:14,007 DEBUG - RDBMSSessionStore          - creating session for [admin]
2013-06-03 15:03:14,040 DEBUG - EditableFileRoute          - GET on [localhost], path=/
2013-06-03 15:03:14,040 DEBUG - EditableFileRoute          - File is candidate for content editing
2013-06-03 15:03:14,041 INFO  - RDBMSSessionStore          - Checking for existing session for [81af9dcb-5def-4c2b-bb9a-9808187010e7]
2013-06-03 15:03:14,064 INFO  - RDBMSContentStore          - Retrieving content for domain [localhost], language [en] and path [/]
2013-06-03 15:03:14,069 DEBUG - EditableFileRoute          - Making page editable
2013-06-03 15:03:14,162 DEBUG - EditableFileRoute          - GET on [localhost], path=/styles.css
2013-06-03 15:03:14,412 DEBUG - SecureFilter               - Secured path [/statik/control-box]
2013-06-03 15:03:14,412 INFO  - RDBMSSessionStore          - Checking for existing session for [81af9dcb-5def-4c2b-bb9a-9808187010e7]
2013-06-03 15:03:14,416 DEBUG - SecureFilter               - Already cookied
2013-06-03 15:03:14,880 DEBUG - EditableFileRoute          - GET on [localhost], path=/links.html
2013-06-03 15:03:14,880 DEBUG - EditableFileRoute          - File is candidate for content editing
2013-06-03 15:03:14,880 INFO  - RDBMSSessionStore          - Checking for existing session for [81af9dcb-5def-4c2b-bb9a-9808187010e7]
2013-06-03 15:03:14,884 INFO  - RDBMSContentStore          - Retrieving content for domain [localhost], language [en] and path [/links.html]
2013-06-03 15:03:14,885 DEBUG - EditableFileRoute          - Making page editable
2013-06-03 15:03:14,967 DEBUG - EditableFileRoute          - GET on [localhost], path=/styles.css
2013-06-03 15:03:15,228 DEBUG - SecureFilter               - Secured path [/statik/control-box]
2013-06-03 15:03:15,228 INFO  - RDBMSSessionStore          - Checking for existing session for [81af9dcb-5def-4c2b-bb9a-9808187010e7]
2013-06-03 15:03:15,229 DEBUG - SecureFilter               - Already cookied
2013-06-03 15:03:15,915 DEBUG - SecureFilter               - Secured path [/statik/editor]
2013-06-03 15:03:15,916 INFO  - RDBMSSessionStore          - Checking for existing session for [81af9dcb-5def-4c2b-bb9a-9808187010e7]
2013-06-03 15:03:15,916 DEBUG - SecureFilter               - Already cookied
2013-06-03 15:03:15,917 INFO  - RDBMSContentStore          - Retrieving content for domain [localhost], path [/links.html], selector [html > body > section > a#first-link] and language [en]
2013-06-03 15:03:16,076 DEBUG - EditorRoute                - Couldn't find content in the DB; assume first time we've edited this element, pass back content from page [one para page]
2013-06-03 15:03:19,151 DEBUG - SecureFilter               - Secured path [/statik/content]
2013-06-03 15:03:19,151 INFO  - RDBMSSessionStore          - Checking for existing session for [81af9dcb-5def-4c2b-bb9a-9808187010e7]
2013-06-03 15:03:19,152 DEBUG - SecureFilter               - Already cookied
2013-06-03 15:03:19,152 DEBUG - ContentRoute               - POST with selector [html > body > section > a#first-link], domain [localhost], path [/links.html], content [new link text], lang [en]
2013-06-03 15:03:19,152 DEBUG - RDBMSContentStore          - Inserting or updating content item with domain [localhost], path [/links.html], language [en] and selector [html > body > section > a#first-link]
2013-06-03 15:03:19,171 DEBUG - EditableFileRoute          - GET on [localhost], path=/links.html
2013-06-03 15:03:19,171 DEBUG - EditableFileRoute          - File is candidate for content editing
2013-06-03 15:03:19,171 INFO  - RDBMSSessionStore          - Checking for existing session for [81af9dcb-5def-4c2b-bb9a-9808187010e7]
2013-06-03 15:03:19,173 INFO  - RDBMSContentStore          - Retrieving content for domain [localhost], language [en] and path [/links.html]
2013-06-03 15:03:19,174 DEBUG - EditableFileRoute          - Replaced element with selector [html > body > section > a#first-link] with English content [new link text]
2013-06-03 15:03:19,175 DEBUG - EditableFileRoute          - Making page editable
2013-06-03 15:03:19,253 DEBUG - EditableFileRoute          - GET on [localhost], path=/styles.css
2013-06-03 15:03:19,495 DEBUG - SecureFilter               - Secured path [/statik/control-box]
2013-06-03 15:03:19,495 INFO  - RDBMSSessionStore          - Checking for existing session for [81af9dcb-5def-4c2b-bb9a-9808187010e7]
2013-06-03 15:03:19,496 DEBUG - SecureFilter               - Already cookied
2013-06-03 15:03:19,889 DEBUG - SecureFilter               - Secured path [/statik/clear-db]
2013-06-03 15:03:19,889 INFO  - RDBMSSessionStore          - Checking for existing session for [81af9dcb-5def-4c2b-bb9a-9808187010e7]
2013-06-03 15:03:19,890 DEBUG - SecureFilter               - Already cookied
2013-06-03 15:03:19,890 DEBUG - RDBMSContentStore          - Clearing ALL content items
2013-06-03 15:03:19,891 DEBUG - RDBMSSessionStore          - Clearing ALL sessions
2013-06-03 15:03:19,891 INFO  - RDBMSAuthStore             - Deleting all users except default
2013-06-03 15:03:20,091 INFO  - RDBMSSessionStore          - Checking for existing session for [81af9dcb-5def-4c2b-bb9a-9808187010e7]
2013-06-03 15:03:20,092 INFO  - RDBMSSessionStore          - Checking for existing session for [81af9dcb-5def-4c2b-bb9a-9808187010e7]
2013-06-03 15:03:22,597 DEBUG - LoginRoute                 - POST to /statik-auth for user [admin], originalDomain is []
2013-06-03 15:03:22,597 INFO  - RDBMSAuthStore             - Querying for user [admin]
2013-06-03 15:03:22,599 DEBUG - RDBMSSessionStore          - creating session for [admin]
2013-06-03 15:03:22,618 DEBUG - EditableFileRoute          - GET on [localhost], path=/
2013-06-03 15:03:22,618 DEBUG - EditableFileRoute          - File is candidate for content editing
2013-06-03 15:03:22,618 INFO  - RDBMSSessionStore          - Checking for existing session for [e1179b47-f6b5-4e75-b59a-68957151b270]
2013-06-03 15:03:22,621 INFO  - RDBMSContentStore          - Retrieving content for domain [localhost], language [en] and path [/]
2013-06-03 15:03:22,623 DEBUG - EditableFileRoute          - Making page editable
2013-06-03 15:03:22,685 DEBUG - EditableFileRoute          - GET on [localhost], path=/styles.css
2013-06-03 15:03:23,006 DEBUG - SecureFilter               - Secured path [/statik/control-box]
2013-06-03 15:03:23,006 INFO  - RDBMSSessionStore          - Checking for existing session for [e1179b47-f6b5-4e75-b59a-68957151b270]
2013-06-03 15:03:23,007 DEBUG - SecureFilter               - Already cookied
2013-06-03 15:03:23,352 DEBUG - EditableFileRoute          - GET on [localhost], path=/two-paras.html
2013-06-03 15:03:23,353 DEBUG - EditableFileRoute          - File is candidate for content editing
2013-06-03 15:03:23,353 INFO  - RDBMSSessionStore          - Checking for existing session for [e1179b47-f6b5-4e75-b59a-68957151b270]
2013-06-03 15:03:23,359 INFO  - RDBMSContentStore          - Retrieving content for domain [localhost], language [en] and path [/two-paras.html]
2013-06-03 15:03:23,361 DEBUG - EditableFileRoute          - Making page editable
2013-06-03 15:03:23,394 DEBUG - EditableFileRoute          - GET on [localhost], path=/styles.css
2013-06-03 15:03:23,737 DEBUG - SecureFilter               - Secured path [/statik/control-box]
2013-06-03 15:03:23,737 INFO  - RDBMSSessionStore          - Checking for existing session for [e1179b47-f6b5-4e75-b59a-68957151b270]
2013-06-03 15:03:23,738 DEBUG - SecureFilter               - Already cookied
2013-06-03 15:03:24,397 DEBUG - SecureFilter               - Secured path [/statik/editor]
2013-06-03 15:03:24,397 INFO  - RDBMSSessionStore          - Checking for existing session for [e1179b47-f6b5-4e75-b59a-68957151b270]
2013-06-03 15:03:24,398 DEBUG - SecureFilter               - Already cookied
2013-06-03 15:03:24,398 INFO  - RDBMSContentStore          - Retrieving content for domain [localhost], path [/two-paras.html], selector [html > body > section > p:nth-of-type(2)] and language [en]
2013-06-03 15:03:24,539 DEBUG - EditorRoute                - Couldn't find content in the DB; assume first time we've edited this element, pass back content from page [two]
2013-06-03 15:03:27,533 DEBUG - SecureFilter               - Secured path [/statik/content]
2013-06-03 15:03:27,534 INFO  - RDBMSSessionStore          - Checking for existing session for [e1179b47-f6b5-4e75-b59a-68957151b270]
2013-06-03 15:03:27,534 DEBUG - SecureFilter               - Already cookied
2013-06-03 15:03:27,535 DEBUG - ContentRoute               - POST with selector [html > body > section > p:nth-of-type(2)], domain [localhost], path [/two-paras.html], content [new content], lang [en]
2013-06-03 15:03:27,535 DEBUG - RDBMSContentStore          - Inserting or updating content item with domain [localhost], path [/two-paras.html], language [en] and selector [html > body > section > p:nth-of-type(2)]
2013-06-03 15:03:27,557 DEBUG - EditableFileRoute          - GET on [localhost], path=/two-paras.html
2013-06-03 15:03:27,558 DEBUG - EditableFileRoute          - File is candidate for content editing
2013-06-03 15:03:27,558 INFO  - RDBMSSessionStore          - Checking for existing session for [e1179b47-f6b5-4e75-b59a-68957151b270]
2013-06-03 15:03:27,561 INFO  - RDBMSContentStore          - Retrieving content for domain [localhost], language [en] and path [/two-paras.html]
2013-06-03 15:03:27,563 DEBUG - EditableFileRoute          - Replaced element with selector [html > body > section > p:nth-of-type(2)] with English content [new content]
2013-06-03 15:03:27,563 DEBUG - EditableFileRoute          - Making page editable
2013-06-03 15:03:27,707 DEBUG - EditableFileRoute          - GET on [localhost], path=/styles.css
2013-06-03 15:03:28,086 DEBUG - SecureFilter               - Secured path [/statik/control-box]
2013-06-03 15:03:28,088 INFO  - RDBMSSessionStore          - Checking for existing session for [e1179b47-f6b5-4e75-b59a-68957151b270]
2013-06-03 15:03:28,089 DEBUG - SecureFilter               - Already cookied
2013-06-03 15:03:28,220 DEBUG - EditableFileRoute          - GET on [localhost], path=/two-paras.html
2013-06-03 15:03:28,221 DEBUG - EditableFileRoute          - File is candidate for content editing
2013-06-03 15:03:28,221 INFO  - RDBMSSessionStore          - Checking for existing session for [e1179b47-f6b5-4e75-b59a-68957151b270]
2013-06-03 15:03:28,228 INFO  - RDBMSContentStore          - Retrieving content for domain [localhost], language [en] and path [/two-paras.html]
2013-06-03 15:03:28,231 DEBUG - EditableFileRoute          - Replaced element with selector [html > body > section > p:nth-of-type(2)] with English content [new content]
2013-06-03 15:03:28,231 DEBUG - EditableFileRoute          - Making page editable
2013-06-03 15:03:28,308 DEBUG - EditableFileRoute          - GET on [localhost], path=/styles.css
2013-06-03 15:03:28,518 DEBUG - SecureFilter               - Secured path [/statik/control-box]
2013-06-03 15:03:28,518 INFO  - RDBMSSessionStore          - Checking for existing session for [e1179b47-f6b5-4e75-b59a-68957151b270]
2013-06-03 15:03:28,519 DEBUG - SecureFilter               - Already cookied
2013-06-03 15:03:28,825 DEBUG - SecureFilter               - Secured path [/statik/clear-db]
2013-06-03 15:03:28,825 INFO  - RDBMSSessionStore          - Checking for existing session for [e1179b47-f6b5-4e75-b59a-68957151b270]
2013-06-03 15:03:28,827 DEBUG - SecureFilter               - Already cookied
2013-06-03 15:03:28,827 DEBUG - RDBMSContentStore          - Clearing ALL content items
2013-06-03 15:03:28,828 DEBUG - RDBMSSessionStore          - Clearing ALL sessions
2013-06-03 15:03:28,828 INFO  - RDBMSAuthStore             - Deleting all users except default
Tests run: 5, Failures: 0, Errors: 0, Skipped: 0, Time elapsed: 55.459 sec
Running statik.integration.ElementCloningIT
2013-06-03 15:03:29,020 INFO  - RDBMSSessionStore          - Checking for existing session for [null]
2013-06-03 15:03:29,021 INFO  - RDBMSSessionStore          - Checking for existing session for [null]
2013-06-03 15:03:29,505 DEBUG - LoginRoute                 - POST to /statik-auth for user [admin], originalDomain is []
2013-06-03 15:03:29,505 INFO  - RDBMSAuthStore             - Querying for user [admin]
2013-06-03 15:03:29,510 DEBUG - RDBMSSessionStore          - creating session for [admin]
2013-06-03 15:03:29,555 DEBUG - EditableFileRoute          - GET on [localhost], path=/
2013-06-03 15:03:29,555 DEBUG - EditableFileRoute          - File is candidate for content editing
2013-06-03 15:03:29,562 INFO  - RDBMSSessionStore          - Checking for existing session for [468a175a-9431-4d1a-b760-31a6431e9dc2]
2013-06-03 15:03:29,565 INFO  - RDBMSContentStore          - Retrieving content for domain [localhost], language [en] and path [/]
2013-06-03 15:03:29,565 DEBUG - EditableFileRoute          - Making page editable
2013-06-03 15:03:29,685 DEBUG - EditableFileRoute          - GET on [localhost], path=/styles.css
2013-06-03 15:03:29,978 DEBUG - SecureFilter               - Secured path [/statik/control-box]
2013-06-03 15:03:29,978 INFO  - RDBMSSessionStore          - Checking for existing session for [468a175a-9431-4d1a-b760-31a6431e9dc2]
2013-06-03 15:03:29,979 DEBUG - SecureFilter               - Already cookied
2013-06-03 15:03:30,401 DEBUG - EditableFileRoute          - GET on [localhost], path=/list.html
2013-06-03 15:03:30,401 DEBUG - EditableFileRoute          - File is candidate for content editing
2013-06-03 15:03:30,401 INFO  - RDBMSSessionStore          - Checking for existing session for [468a175a-9431-4d1a-b760-31a6431e9dc2]
2013-06-03 15:03:30,403 INFO  - RDBMSContentStore          - Retrieving content for domain [localhost], language [en] and path [/list.html]
2013-06-03 15:03:30,404 DEBUG - EditableFileRoute          - Making page editable
2013-06-03 15:03:30,456 DEBUG - EditableFileRoute          - GET on [localhost], path=/styles.css
2013-06-03 15:03:32,765 DEBUG - SecureFilter               - Secured path [/statik/control-box]
2013-06-03 15:03:32,765 INFO  - RDBMSSessionStore          - Checking for existing session for [468a175a-9431-4d1a-b760-31a6431e9dc2]
2013-06-03 15:03:32,766 DEBUG - SecureFilter               - Already cookied
2013-06-03 15:03:33,198 DEBUG - SecureFilter               - Secured path [/statik/clear-db]
2013-06-03 15:03:33,198 INFO  - RDBMSSessionStore          - Checking for existing session for [468a175a-9431-4d1a-b760-31a6431e9dc2]
2013-06-03 15:03:33,198 DEBUG - SecureFilter               - Already cookied
2013-06-03 15:03:33,199 DEBUG - RDBMSContentStore          - Clearing ALL content items
2013-06-03 15:03:33,199 DEBUG - RDBMSSessionStore          - Clearing ALL sessions
2013-06-03 15:03:33,199 INFO  - RDBMSAuthStore             - Deleting all users except default
2013-06-03 15:03:33,332 INFO  - RDBMSSessionStore          - Checking for existing session for [468a175a-9431-4d1a-b760-31a6431e9dc2]
2013-06-03 15:03:33,333 INFO  - RDBMSSessionStore          - Checking for existing session for [468a175a-9431-4d1a-b760-31a6431e9dc2]
2013-06-03 15:03:33,775 DEBUG - LoginRoute                 - POST to /statik-auth for user [admin], originalDomain is []
2013-06-03 15:03:33,775 INFO  - RDBMSAuthStore             - Querying for user [admin]
2013-06-03 15:03:33,776 DEBUG - RDBMSSessionStore          - creating session for [admin]
2013-06-03 15:03:33,828 DEBUG - EditableFileRoute          - GET on [localhost], path=/
2013-06-03 15:03:33,828 DEBUG - EditableFileRoute          - File is candidate for content editing
2013-06-03 15:03:33,828 INFO  - RDBMSSessionStore          - Checking for existing session for [5f43d3a6-4c4a-49bc-ae93-832926f9f8ae]
2013-06-03 15:03:33,831 INFO  - RDBMSContentStore          - Retrieving content for domain [localhost], language [en] and path [/]
2013-06-03 15:03:33,843 DEBUG - EditableFileRoute          - Making page editable
2013-06-03 15:03:33,910 DEBUG - EditableFileRoute          - GET on [localhost], path=/styles.css
2013-06-03 15:03:34,290 DEBUG - SecureFilter               - Secured path [/statik/control-box]
2013-06-03 15:03:34,290 INFO  - RDBMSSessionStore          - Checking for existing session for [5f43d3a6-4c4a-49bc-ae93-832926f9f8ae]
2013-06-03 15:03:34,291 DEBUG - SecureFilter               - Already cookied
2013-06-03 15:03:34,616 DEBUG - EditableFileRoute          - GET on [localhost], path=/links.html
2013-06-03 15:03:34,616 DEBUG - EditableFileRoute          - File is candidate for content editing
2013-06-03 15:03:34,616 INFO  - RDBMSSessionStore          - Checking for existing session for [5f43d3a6-4c4a-49bc-ae93-832926f9f8ae]
2013-06-03 15:03:34,633 INFO  - RDBMSContentStore          - Retrieving content for domain [localhost], language [en] and path [/links.html]
2013-06-03 15:03:34,638 DEBUG - EditableFileRoute          - Making page editable
2013-06-03 15:03:34,689 DEBUG - EditableFileRoute          - GET on [localhost], path=/styles.css
2013-06-03 15:03:34,972 DEBUG - SecureFilter               - Secured path [/statik/control-box]
2013-06-03 15:03:34,972 INFO  - RDBMSSessionStore          - Checking for existing session for [5f43d3a6-4c4a-49bc-ae93-832926f9f8ae]
2013-06-03 15:03:34,973 DEBUG - SecureFilter               - Already cookied
2013-06-03 15:03:35,641 DEBUG - SecureFilter               - Secured path [/statik/clear-db]
2013-06-03 15:03:35,641 INFO  - RDBMSSessionStore          - Checking for existing session for [5f43d3a6-4c4a-49bc-ae93-832926f9f8ae]
2013-06-03 15:03:35,642 DEBUG - SecureFilter               - Already cookied
2013-06-03 15:03:35,642 DEBUG - RDBMSContentStore          - Clearing ALL content items
2013-06-03 15:03:35,642 DEBUG - RDBMSSessionStore          - Clearing ALL sessions
2013-06-03 15:03:35,642 INFO  - RDBMSAuthStore             - Deleting all users except default
Tests run: 2, Failures: 0, Errors: 0, Skipped: 0, Time elapsed: 6.794 sec
Running statik.integration.FileNotFoundIT
2013-06-03 15:03:35,821 DEBUG - EditableFileRoute          - GET on [localhost], path=/i-dont-exist
2013-06-03 15:03:35,821 ERROR - EditableFileRoute          - Error reading file /i-dont-exist
2013-06-03 15:03:35,899 DEBUG - EditableFileRoute          - GET on [localhost], path=/localhost/styles.css
2013-06-03 15:03:35,900 ERROR - EditableFileRoute          - Error reading file /localhost/styles.css
2013-06-03 15:03:36,088 DEBUG - SecureFilter               - Secured path [/statik/clear-db]
2013-06-03 15:03:36,089 INFO  - RDBMSSessionStore          - Checking for existing session for [null]
2013-06-03 15:03:36,090 DEBUG - RDBMSContentStore          - Clearing ALL content items
2013-06-03 15:03:36,090 DEBUG - RDBMSSessionStore          - Clearing ALL sessions
2013-06-03 15:03:36,091 INFO  - RDBMSAuthStore             - Deleting all users except default
2013-06-03 15:03:36,114 INFO  - RDBMSSessionStore          - Checking for existing session for [null]
2013-06-03 15:03:36,115 INFO  - RDBMSSessionStore          - Checking for existing session for [null]
Tests run: 1, Failures: 0, Errors: 0, Skipped: 0, Time elapsed: 0.609 sec
Running statik.integration.I18nIT
2013-06-03 15:03:36,431 DEBUG - SecureFilter               - Secured path [/statik/logout]
2013-06-03 15:03:36,431 INFO  - RDBMSSessionStore          - Checking for existing session for [null]
2013-06-03 15:03:36,441 INFO  - RDBMSSessionStore          - Checking for existing session for [null]
2013-06-03 15:03:36,441 INFO  - RDBMSSessionStore          - Checking for existing session for [null]
2013-06-03 15:03:36,442 INFO  - RDBMSSessionStore          - Checking for existing session for [null]
2013-06-03 15:03:36,683 INFO  - RDBMSSessionStore          - Checking for existing session for [null]
2013-06-03 15:03:36,684 INFO  - RDBMSSessionStore          - Checking for existing session for [null]
2013-06-03 15:03:37,182 DEBUG - LoginRoute                 - POST to /statik-auth for user [admin], originalDomain is []
2013-06-03 15:03:37,182 INFO  - RDBMSAuthStore             - Querying for user [admin]
2013-06-03 15:03:37,183 DEBUG - RDBMSSessionStore          - creating session for [admin]
2013-06-03 15:03:37,220 DEBUG - EditableFileRoute          - GET on [localhost], path=/
2013-06-03 15:03:37,221 DEBUG - EditableFileRoute          - File is candidate for content editing
2013-06-03 15:03:37,221 INFO  - RDBMSSessionStore          - Checking for existing session for [07552a2f-27d0-4735-9dcb-209e68cddeb6]
2013-06-03 15:03:37,225 INFO  - RDBMSContentStore          - Retrieving content for domain [localhost], language [en] and path [/]
2013-06-03 15:03:37,226 DEBUG - EditableFileRoute          - Making page editable
2013-06-03 15:03:37,417 DEBUG - EditableFileRoute          - GET on [localhost], path=/styles.css
2013-06-03 15:03:37,739 DEBUG - SecureFilter               - Secured path [/statik/control-box]
2013-06-03 15:03:37,739 INFO  - RDBMSSessionStore          - Checking for existing session for [07552a2f-27d0-4735-9dcb-209e68cddeb6]
2013-06-03 15:03:37,740 DEBUG - SecureFilter               - Already cookied
2013-06-03 15:03:37,989 DEBUG - EditableFileRoute          - GET on [localhost], path=/one-para.html
2013-06-03 15:03:37,989 DEBUG - EditableFileRoute          - File is candidate for content editing
2013-06-03 15:03:37,989 INFO  - RDBMSSessionStore          - Checking for existing session for [07552a2f-27d0-4735-9dcb-209e68cddeb6]
2013-06-03 15:03:37,990 INFO  - RDBMSContentStore          - Retrieving content for domain [localhost], language [en] and path [/one-para.html]
2013-06-03 15:03:37,991 DEBUG - EditableFileRoute          - Making page editable
2013-06-03 15:03:38,058 DEBUG - EditableFileRoute          - GET on [localhost], path=/styles.css
2013-06-03 15:03:38,274 DEBUG - SecureFilter               - Secured path [/statik/control-box]
2013-06-03 15:03:38,274 INFO  - RDBMSSessionStore          - Checking for existing session for [07552a2f-27d0-4735-9dcb-209e68cddeb6]
2013-06-03 15:03:38,275 DEBUG - SecureFilter               - Already cookied
2013-06-03 15:03:38,910 DEBUG - SecureFilter               - Secured path [/statik/editor]
2013-06-03 15:03:38,910 INFO  - RDBMSSessionStore          - Checking for existing session for [07552a2f-27d0-4735-9dcb-209e68cddeb6]
2013-06-03 15:03:38,911 DEBUG - SecureFilter               - Already cookied
2013-06-03 15:03:38,911 INFO  - RDBMSContentStore          - Retrieving content for domain [localhost], path [/one-para.html], selector [html > body > section > p] and language [en]
2013-06-03 15:03:39,037 DEBUG - EditorRoute                - Couldn't find content in the DB; assume first time we've edited this element, pass back content from page [content]
2013-06-03 15:03:39,784 DEBUG - SecureFilter               - Secured path [/statik/editor]
2013-06-03 15:03:39,785 INFO  - RDBMSSessionStore          - Checking for existing session for [07552a2f-27d0-4735-9dcb-209e68cddeb6]
2013-06-03 15:03:39,785 DEBUG - SecureFilter               - Already cookied
2013-06-03 15:03:39,786 INFO  - RDBMSContentStore          - Retrieving content for domain [localhost], path [/one-para.html], selector [html > body > section > p] and language [pt]
2013-06-03 15:03:39,930 DEBUG - EditorRoute                - Couldn't find content in the DB; assume first time we've edited this element, pass back content from page [content]
2013-06-03 15:03:42,765 DEBUG - SecureFilter               - Secured path [/statik/content]
2013-06-03 15:03:42,765 INFO  - RDBMSSessionStore          - Checking for existing session for [07552a2f-27d0-4735-9dcb-209e68cddeb6]
2013-06-03 15:03:42,766 DEBUG - SecureFilter               - Already cookied
2013-06-03 15:03:42,766 DEBUG - ContentRoute               - POST with selector [html > body > section > p], domain [localhost], path [/one-para.html], content [Statik páginas de teste], lang [pt]
2013-06-03 15:03:42,766 DEBUG - RDBMSContentStore          - Inserting or updating content item with domain [localhost], path [/one-para.html], language [pt] and selector [html > body > section > p]
2013-06-03 15:03:42,827 DEBUG - EditableFileRoute          - GET on [localhost], path=/one-para.html
2013-06-03 15:03:42,827 DEBUG - EditableFileRoute          - File is candidate for content editing
2013-06-03 15:03:42,827 INFO  - RDBMSSessionStore          - Checking for existing session for [07552a2f-27d0-4735-9dcb-209e68cddeb6]
2013-06-03 15:03:42,832 INFO  - RDBMSContentStore          - Retrieving content for domain [localhost], language [en] and path [/one-para.html]
2013-06-03 15:03:42,833 DEBUG - EditableFileRoute          - Making page editable
2013-06-03 15:03:42,913 DEBUG - EditableFileRoute          - GET on [localhost], path=/styles.css
2013-06-03 15:03:43,172 DEBUG - EditableFileRoute          - GET on [localhost], path=/one-para.html
2013-06-03 15:03:43,172 DEBUG - EditableFileRoute          - File is candidate for content editing
2013-06-03 15:03:43,173 INFO  - RDBMSSessionStore          - Checking for existing session for [07552a2f-27d0-4735-9dcb-209e68cddeb6]
2013-06-03 15:03:43,174 INFO  - RDBMSContentStore          - Retrieving content for domain [localhost], language [en] and path [/one-para.html]
2013-06-03 15:03:43,183 DEBUG - EditableFileRoute          - Making page editable
2013-06-03 15:03:43,260 DEBUG - EditableFileRoute          - GET on [localhost], path=/styles.css
2013-06-03 15:03:43,572 DEBUG - SecureFilter               - Secured path [/statik/control-box]
2013-06-03 15:03:43,572 INFO  - RDBMSSessionStore          - Checking for existing session for [07552a2f-27d0-4735-9dcb-209e68cddeb6]
2013-06-03 15:03:43,573 DEBUG - SecureFilter               - Already cookied
2013-06-03 15:03:43,998 DEBUG - SecureFilter               - Secured path [/statik/editor]
2013-06-03 15:03:43,998 INFO  - RDBMSSessionStore          - Checking for existing session for [07552a2f-27d0-4735-9dcb-209e68cddeb6]
2013-06-03 15:03:43,999 DEBUG - SecureFilter               - Already cookied
2013-06-03 15:03:43,999 INFO  - RDBMSContentStore          - Retrieving content for domain [localhost], path [/one-para.html], selector [html > body > section > p] and language [en]
2013-06-03 15:03:44,144 DEBUG - EditorRoute                - Couldn't find content in the DB; assume first time we've edited this element, pass back content from page [content]
2013-06-03 15:03:45,074 DEBUG - SecureFilter               - Secured path [/statik/editor]
2013-06-03 15:03:45,074 INFO  - RDBMSSessionStore          - Checking for existing session for [07552a2f-27d0-4735-9dcb-209e68cddeb6]
2013-06-03 15:03:45,075 DEBUG - SecureFilter               - Already cookied
2013-06-03 15:03:45,075 INFO  - RDBMSContentStore          - Retrieving content for domain [localhost], path [/one-para.html], selector [html > body > section > p] and language [fr]
2013-06-03 15:03:45,189 DEBUG - EditorRoute                - Couldn't find content in the DB; assume first time we've edited this element, pass back content from page [content]
2013-06-03 15:03:47,250 DEBUG - SecureFilter               - Secured path [/statik/content]
2013-06-03 15:03:47,250 INFO  - RDBMSSessionStore          - Checking for existing session for [07552a2f-27d0-4735-9dcb-209e68cddeb6]
2013-06-03 15:03:47,251 DEBUG - SecureFilter               - Already cookied
2013-06-03 15:03:47,251 DEBUG - ContentRoute               - POST with selector [html > body > section > p], domain [localhost], path [/one-para.html], content [Le Statik test pages], lang [fr]
2013-06-03 15:03:47,251 DEBUG - RDBMSContentStore          - Inserting or updating content item with domain [localhost], path [/one-para.html], language [fr] and selector [html > body > section > p]
2013-06-03 15:03:47,272 DEBUG - EditableFileRoute          - GET on [localhost], path=/one-para.html
2013-06-03 15:03:47,273 DEBUG - EditableFileRoute          - File is candidate for content editing
2013-06-03 15:03:47,273 INFO  - RDBMSSessionStore          - Checking for existing session for [07552a2f-27d0-4735-9dcb-209e68cddeb6]
2013-06-03 15:03:47,279 INFO  - RDBMSContentStore          - Retrieving content for domain [localhost], language [en] and path [/one-para.html]
2013-06-03 15:03:47,280 DEBUG - EditableFileRoute          - Making page editable
2013-06-03 15:03:47,364 DEBUG - EditableFileRoute          - GET on [localhost], path=/styles.css
2013-06-03 15:03:47,615 DEBUG - EditableFileRoute          - GET on [localhost], path=/one-para.html
2013-06-03 15:03:47,616 DEBUG - EditableFileRoute          - File is candidate for content editing
2013-06-03 15:03:47,616 INFO  - RDBMSSessionStore          - Checking for existing session for [07552a2f-27d0-4735-9dcb-209e68cddeb6]
2013-06-03 15:03:47,617 INFO  - RDBMSContentStore          - Retrieving content for domain [localhost], language [pt] and path [/one-para.html]
2013-06-03 15:03:47,619 DEBUG - EditableFileRoute          - Replaced element with selector [html > body > section > p] with Portuguese content [Statik páginas de teste]
2013-06-03 15:03:47,619 DEBUG - EditableFileRoute          - Making page editable
2013-06-03 15:03:47,678 DEBUG - EditableFileRoute          - GET on [localhost], path=/styles.css
2013-06-03 15:03:47,922 DEBUG - SecureFilter               - Secured path [/statik/control-box]
2013-06-03 15:03:47,922 INFO  - RDBMSSessionStore          - Checking for existing session for [07552a2f-27d0-4735-9dcb-209e68cddeb6]
2013-06-03 15:03:47,922 DEBUG - SecureFilter               - Already cookied
2013-06-03 15:03:48,086 DEBUG - EditableFileRoute          - GET on [localhost], path=/one-para.html
2013-06-03 15:03:48,086 DEBUG - EditableFileRoute          - File is candidate for content editing
2013-06-03 15:03:48,086 INFO  - RDBMSSessionStore          - Checking for existing session for [07552a2f-27d0-4735-9dcb-209e68cddeb6]
2013-06-03 15:03:48,088 INFO  - RDBMSContentStore          - Retrieving content for domain [localhost], language [fr] and path [/one-para.html]
2013-06-03 15:03:48,090 DEBUG - EditableFileRoute          - Replaced element with selector [html > body > section > p] with French content [Le Statik test pages]
2013-06-03 15:03:48,090 DEBUG - EditableFileRoute          - Making page editable
2013-06-03 15:03:48,152 DEBUG - EditableFileRoute          - GET on [localhost], path=/styles.css
2013-06-03 15:03:48,401 DEBUG - SecureFilter               - Secured path [/statik/control-box]
2013-06-03 15:03:48,401 INFO  - RDBMSSessionStore          - Checking for existing session for [07552a2f-27d0-4735-9dcb-209e68cddeb6]
2013-06-03 15:03:48,402 DEBUG - SecureFilter               - Already cookied
2013-06-03 15:03:48,569 ERROR - ResourceRoute              - Error retrieving resource [jquery-1.9.1.js]
org.eclipse.jetty.io.EofException
	at org.eclipse.jetty.http.HttpGenerator.flushBuffer(HttpGenerator.java:914)
	at org.eclipse.jetty.http.AbstractGenerator.blockForOutput(AbstractGenerator.java:523)
	at org.eclipse.jetty.server.HttpOutput.write(HttpOutput.java:170)
	at org.eclipse.jetty.server.HttpOutput.write(HttpOutput.java:107)
	at org.apache.commons.io.IOUtils.copyLarge(IOUtils.java:1793)
	at org.apache.commons.io.IOUtils.copyLarge(IOUtils.java:1769)
	at org.apache.commons.io.IOUtils.copy(IOUtils.java:1744)
	at statik.route.ResourceRoute.writeClasspathFileToResponse(ResourceRoute.java:53)
	at statik.route.ResourceRoute.handle(ResourceRoute.java:34)
	at spark.webserver.MatcherFilter.doFilter(MatcherFilter.java:136)
	at spark.servlet.SparkFilter.doFilter(SparkFilter.java:98)
	at org.eclipse.jetty.servlet.ServletHandler$CachedChain.doFilter(ServletHandler.java:1419)
	at org.eclipse.jetty.servlet.ServletHandler.doHandle(ServletHandler.java:455)
	at org.eclipse.jetty.server.handler.ScopedHandler.handle(ScopedHandler.java:137)
	at org.eclipse.jetty.security.SecurityHandler.handle(SecurityHandler.java:557)
	at org.eclipse.jetty.server.session.SessionHandler.doHandle(SessionHandler.java:231)
	at org.eclipse.jetty.server.handler.ContextHandler.doHandle(ContextHandler.java:1075)
	at org.eclipse.jetty.servlet.ServletHandler.doScope(ServletHandler.java:384)
	at org.eclipse.jetty.server.session.SessionHandler.doScope(SessionHandler.java:193)
	at org.eclipse.jetty.server.handler.ContextHandler.doScope(ContextHandler.java:1009)
	at org.eclipse.jetty.server.handler.ScopedHandler.handle(ScopedHandler.java:135)
	at org.eclipse.jetty.server.handler.ContextHandlerCollection.handle(ContextHandlerCollection.java:255)
	at org.eclipse.jetty.server.handler.HandlerCollection.handle(HandlerCollection.java:154)
	at org.eclipse.jetty.server.handler.HandlerWrapper.handle(HandlerWrapper.java:116)
	at org.eclipse.jetty.server.Server.handle(Server.java:368)
	at org.eclipse.jetty.server.AbstractHttpConnection.handleRequest(AbstractHttpConnection.java:489)
	at org.eclipse.jetty.server.AbstractHttpConnection.headerComplete(AbstractHttpConnection.java:942)
	at org.eclipse.jetty.server.AbstractHttpConnection$RequestHandler.headerComplete(AbstractHttpConnection.java:1004)
	at org.eclipse.jetty.http.HttpParser.parseNext(HttpParser.java:640)
	at org.eclipse.jetty.http.HttpParser.parseAvailable(HttpParser.java:235)
	at org.eclipse.jetty.server.AsyncHttpConnection.handle(AsyncHttpConnection.java:82)
	at org.eclipse.jetty.io.nio.SelectChannelEndPoint.handle(SelectChannelEndPoint.java:628)
	at org.eclipse.jetty.io.nio.SelectChannelEndPoint$1.run(SelectChannelEndPoint.java:52)
	at org.eclipse.jetty.util.thread.QueuedThreadPool.runJob(QueuedThreadPool.java:608)
	at org.eclipse.jetty.util.thread.QueuedThreadPool$3.run(QueuedThreadPool.java:543)
	at java.lang.Thread.run(Thread.java:722)
Caused by: java.io.IOException: Broken pipe
	at sun.nio.ch.FileDispatcherImpl.write0(Native Method)
	at sun.nio.ch.SocketDispatcher.write(SocketDispatcher.java:47)
	at sun.nio.ch.IOUtil.writeFromNativeBuffer(IOUtil.java:94)
	at sun.nio.ch.IOUtil.write(IOUtil.java:65)
	at sun.nio.ch.SocketChannelImpl.write(SocketChannelImpl.java:450)
	at org.eclipse.jetty.io.nio.ChannelEndPoint.flush(ChannelEndPoint.java:293)
	at org.eclipse.jetty.io.nio.SelectChannelEndPoint.flush(SelectChannelEndPoint.java:362)
	at org.eclipse.jetty.io.nio.ChannelEndPoint.flush(ChannelEndPoint.java:341)
	at org.eclipse.jetty.io.nio.SelectChannelEndPoint.flush(SelectChannelEndPoint.java:336)
	at org.eclipse.jetty.http.HttpGenerator.flushBuffer(HttpGenerator.java:841)
	... 35 more
2013-06-03 15:03:48,577 DEBUG - SecureFilter               - Secured path [/statik/clear-db]
2013-06-03 15:03:48,578 INFO  - RDBMSSessionStore          - Checking for existing session for [07552a2f-27d0-4735-9dcb-209e68cddeb6]
2013-06-03 15:03:48,579 DEBUG - SecureFilter               - Already cookied
2013-06-03 15:03:48,579 DEBUG - RDBMSContentStore          - Clearing ALL content items
2013-06-03 15:03:48,585 DEBUG - RDBMSSessionStore          - Clearing ALL sessions
2013-06-03 15:03:48,586 INFO  - RDBMSAuthStore             - Deleting all users except default
Tests run: 1, Failures: 0, Errors: 0, Skipped: 0, Time elapsed: 12.361 sec
Running statik.integration.JavaScriptUnitTestsIT
2013-06-03 15:03:48,905 DEBUG - EditableFileRoute          - GET on [localhost], path=/qunit-tests.html
2013-06-03 15:03:48,905 DEBUG - EditableFileRoute          - File is candidate for content editing
2013-06-03 15:03:48,905 INFO  - RDBMSSessionStore          - Checking for existing session for [null]
2013-06-03 15:03:48,913 INFO  - RDBMSContentStore          - Retrieving content for domain [localhost], language [en] and path [/qunit-tests.html]
2013-06-03 15:03:48,980 DEBUG - EditableFileRoute          - GET on [localhost], path=/qunit/qunit-1.11.0.css
2013-06-03 15:03:48,989 DEBUG - EditableFileRoute          - GET on [localhost], path=/qunit/sinon-1.6.0.js
2013-06-03 15:03:48,993 DEBUG - EditableFileRoute          - GET on [localhost], path=/qunit/sinon-qunit-1.0.0.js
2013-06-03 15:03:48,999 DEBUG - EditableFileRoute          - GET on [localhost], path=/qunit/jquery-1.7.2.js
2013-06-03 15:03:49,002 DEBUG - EditableFileRoute          - GET on [localhost], path=/qunit/qunit-1.11.0.js
2013-06-03 15:03:49,317 DEBUG - EditableFileRoute          - GET on [localhost], path=/qunit-tests.js
2013-06-03 15:03:49,601 DEBUG - SecureFilter               - Secured path [/statik/clear-db]
2013-06-03 15:03:49,601 INFO  - RDBMSSessionStore          - Checking for existing session for [null]
2013-06-03 15:03:49,603 DEBUG - RDBMSContentStore          - Clearing ALL content items
2013-06-03 15:03:49,604 DEBUG - RDBMSSessionStore          - Clearing ALL sessions
2013-06-03 15:03:49,604 INFO  - RDBMSAuthStore             - Deleting all users except default
2013-06-03 15:03:49,626 INFO  - RDBMSSessionStore          - Checking for existing session for [null]
2013-06-03 15:03:49,627 INFO  - RDBMSSessionStore          - Checking for existing session for [null]
Tests run: 1, Failures: 0, Errors: 0, Skipped: 0, Time elapsed: 1.127 sec
Running statik.integration.LoginIT
2013-06-03 15:03:49,940 INFO  - RDBMSSessionStore          - Checking for existing session for [null]
2013-06-03 15:03:49,941 INFO  - RDBMSSessionStore          - Checking for existing session for [null]
2013-06-03 15:03:50,533 DEBUG - LoginRoute                 - POST to /statik-auth for user [fred], originalDomain is []
2013-06-03 15:03:50,534 INFO  - RDBMSAuthStore             - Querying for user [fred]
2013-06-03 15:03:52,425 DEBUG - SecureFilter               - Secured path [/statik/clear-db]
2013-06-03 15:03:52,426 INFO  - RDBMSSessionStore          - Checking for existing session for [null]
2013-06-03 15:03:52,427 DEBUG - RDBMSContentStore          - Clearing ALL content items
2013-06-03 15:03:52,430 DEBUG - RDBMSSessionStore          - Clearing ALL sessions
2013-06-03 15:03:52,431 INFO  - RDBMSAuthStore             - Deleting all users except default
2013-06-03 15:03:52,439 INFO  - RDBMSSessionStore          - Checking for existing session for [null]
2013-06-03 15:03:52,440 INFO  - RDBMSSessionStore          - Checking for existing session for [null]
2013-06-03 15:03:53,126 INFO  - RDBMSSessionStore          - Checking for existing session for [null]
2013-06-03 15:03:53,126 INFO  - RDBMSSessionStore          - Checking for existing session for [null]
2013-06-03 15:03:53,875 DEBUG - LoginRoute                 - POST to /statik-auth for user [admin], originalDomain is []
2013-06-03 15:03:53,875 INFO  - RDBMSAuthStore             - Querying for user [admin]
2013-06-03 15:03:53,876 DEBUG - RDBMSSessionStore          - creating session for [admin]
2013-06-03 15:03:53,978 DEBUG - EditableFileRoute          - GET on [localhost], path=/
2013-06-03 15:03:53,978 DEBUG - EditableFileRoute          - File is candidate for content editing
2013-06-03 15:03:53,978 INFO  - RDBMSSessionStore          - Checking for existing session for [f7b894f3-82d8-410d-b715-4544e2188cce]
2013-06-03 15:03:54,026 INFO  - RDBMSContentStore          - Retrieving content for domain [localhost], language [en] and path [/]
2013-06-03 15:03:54,027 DEBUG - EditableFileRoute          - Making page editable
2013-06-03 15:03:54,085 DEBUG - EditableFileRoute          - GET on [localhost], path=/styles.css
2013-06-03 15:03:54,498 DEBUG - SecureFilter               - Secured path [/statik/control-box]
2013-06-03 15:03:54,498 INFO  - RDBMSSessionStore          - Checking for existing session for [f7b894f3-82d8-410d-b715-4544e2188cce]
2013-06-03 15:03:54,503 DEBUG - SecureFilter               - Already cookied
2013-06-03 15:03:55,067 DEBUG - SecureFilter               - Secured path [/statik/clear-db]
2013-06-03 15:03:55,067 INFO  - RDBMSSessionStore          - Checking for existing session for [f7b894f3-82d8-410d-b715-4544e2188cce]
2013-06-03 15:03:55,072 DEBUG - SecureFilter               - Already cookied
2013-06-03 15:03:55,072 DEBUG - RDBMSContentStore          - Clearing ALL content items
2013-06-03 15:03:55,073 DEBUG - RDBMSSessionStore          - Clearing ALL sessions
2013-06-03 15:03:55,073 INFO  - RDBMSAuthStore             - Deleting all users except default
2013-06-03 15:03:55,332 INFO  - RDBMSSessionStore          - Checking for existing session for [f7b894f3-82d8-410d-b715-4544e2188cce]
2013-06-03 15:03:55,333 INFO  - RDBMSSessionStore          - Checking for existing session for [f7b894f3-82d8-410d-b715-4544e2188cce]
2013-06-03 15:03:56,004 DEBUG - LoginRoute                 - POST to /statik-auth for user [dont-exist], originalDomain is []
2013-06-03 15:03:56,004 INFO  - RDBMSAuthStore             - Querying for user [dont-exist]
2013-06-03 15:03:56,472 DEBUG - SecureFilter               - Secured path [/statik/clear-db]
2013-06-03 15:03:56,472 INFO  - RDBMSSessionStore          - Checking for existing session for [f7b894f3-82d8-410d-b715-4544e2188cce]
2013-06-03 15:03:56,476 DEBUG - RDBMSContentStore          - Clearing ALL content items
2013-06-03 15:03:56,479 DEBUG - RDBMSSessionStore          - Clearing ALL sessions
2013-06-03 15:03:56,480 INFO  - RDBMSAuthStore             - Deleting all users except default
2013-06-03 15:03:56,491 INFO  - RDBMSSessionStore          - Checking for existing session for [f7b894f3-82d8-410d-b715-4544e2188cce]
2013-06-03 15:03:56,492 INFO  - RDBMSSessionStore          - Checking for existing session for [f7b894f3-82d8-410d-b715-4544e2188cce]
Tests run: 3, Failures: 0, Errors: 0, Skipped: 0, Time elapsed: 6.869 sec
Running statik.integration.PublishingIT
2013-06-03 15:03:56,846 INFO  - RDBMSSessionStore          - Checking for existing session for [null]
2013-06-03 15:03:56,847 INFO  - RDBMSSessionStore          - Checking for existing session for [null]
2013-06-03 15:03:57,538 DEBUG - LoginRoute                 - POST to /statik-auth for user [admin], originalDomain is []
2013-06-03 15:03:57,539 INFO  - RDBMSAuthStore             - Querying for user [admin]
2013-06-03 15:03:57,540 DEBUG - RDBMSSessionStore          - creating session for [admin]
2013-06-03 15:03:57,563 DEBUG - EditableFileRoute          - GET on [localhost], path=/
2013-06-03 15:03:57,563 DEBUG - EditableFileRoute          - File is candidate for content editing
2013-06-03 15:03:57,564 INFO  - RDBMSSessionStore          - Checking for existing session for [5d582554-7f8e-489d-a9b8-3506cbbfd491]
2013-06-03 15:03:57,567 INFO  - RDBMSContentStore          - Retrieving content for domain [localhost], language [en] and path [/]
2013-06-03 15:03:57,568 DEBUG - EditableFileRoute          - Making page editable
2013-06-03 15:03:57,600 DEBUG - EditableFileRoute          - GET on [localhost], path=/styles.css
2013-06-03 15:03:57,860 DEBUG - SecureFilter               - Secured path [/statik/control-box]
2013-06-03 15:03:57,860 INFO  - RDBMSSessionStore          - Checking for existing session for [5d582554-7f8e-489d-a9b8-3506cbbfd491]
2013-06-03 15:03:57,860 DEBUG - SecureFilter               - Already cookied
2013-06-03 15:03:58,131 DEBUG - EditableFileRoute          - GET on [localhost], path=/one-para.html
2013-06-03 15:03:58,132 DEBUG - EditableFileRoute          - File is candidate for content editing
2013-06-03 15:03:58,132 INFO  - RDBMSSessionStore          - Checking for existing session for [5d582554-7f8e-489d-a9b8-3506cbbfd491]
2013-06-03 15:03:58,133 INFO  - RDBMSContentStore          - Retrieving content for domain [localhost], language [en] and path [/one-para.html]
2013-06-03 15:03:58,134 DEBUG - EditableFileRoute          - Making page editable
2013-06-03 15:03:58,205 DEBUG - EditableFileRoute          - GET on [localhost], path=/styles.css
2013-06-03 15:03:58,438 DEBUG - SecureFilter               - Secured path [/statik/control-box]
2013-06-03 15:03:58,438 INFO  - RDBMSSessionStore          - Checking for existing session for [5d582554-7f8e-489d-a9b8-3506cbbfd491]
2013-06-03 15:03:58,439 DEBUG - SecureFilter               - Already cookied
2013-06-03 15:03:58,947 DEBUG - SecureFilter               - Secured path [/statik/editor]
2013-06-03 15:03:58,947 INFO  - RDBMSSessionStore          - Checking for existing session for [5d582554-7f8e-489d-a9b8-3506cbbfd491]
2013-06-03 15:03:58,949 DEBUG - SecureFilter               - Already cookied
2013-06-03 15:03:58,949 INFO  - RDBMSContentStore          - Retrieving content for domain [localhost], path [/one-para.html], selector [html > body > section > p] and language [en]
2013-06-03 15:03:59,074 DEBUG - EditorRoute                - Couldn't find content in the DB; assume first time we've edited this element, pass back content from page [content]
2013-06-03 15:04:03,296 DEBUG - SecureFilter               - Secured path [/statik/content]
2013-06-03 15:04:03,296 INFO  - RDBMSSessionStore          - Checking for existing session for [5d582554-7f8e-489d-a9b8-3506cbbfd491]
2013-06-03 15:04:03,297 DEBUG - SecureFilter               - Already cookied
2013-06-03 15:04:03,297 DEBUG - ContentRoute               - POST with selector [html > body > section > p], domain [localhost], path [/one-para.html], content [new content], lang [en]
2013-06-03 15:04:03,297 DEBUG - RDBMSContentStore          - Inserting or updating content item with domain [localhost], path [/one-para.html], language [en] and selector [html > body > section > p]
2013-06-03 15:04:03,553 DEBUG - EditableFileRoute          - GET on [localhost], path=/one-para.html
2013-06-03 15:04:03,553 DEBUG - EditableFileRoute          - File is candidate for content editing
2013-06-03 15:04:03,553 INFO  - RDBMSSessionStore          - Checking for existing session for [5d582554-7f8e-489d-a9b8-3506cbbfd491]
2013-06-03 15:04:03,555 INFO  - RDBMSContentStore          - Retrieving content for domain [localhost], language [en] and path [/one-para.html]
2013-06-03 15:04:03,562 DEBUG - EditableFileRoute          - Replaced element with selector [html > body > section > p] with English content [new content]
2013-06-03 15:04:03,563 DEBUG - EditableFileRoute          - Making page editable
2013-06-03 15:04:03,643 DEBUG - EditableFileRoute          - GET on [localhost], path=/styles.css
2013-06-03 15:04:04,138 DEBUG - SecureFilter               - Secured path [/statik/logout]
2013-06-03 15:04:04,138 INFO  - RDBMSSessionStore          - Checking for existing session for [5d582554-7f8e-489d-a9b8-3506cbbfd491]
2013-06-03 15:04:04,140 DEBUG - SecureFilter               - Already cookied
2013-06-03 15:04:04,140 INFO  - RDBMSSessionStore          - Checking for existing session for [5d582554-7f8e-489d-a9b8-3506cbbfd491]
2013-06-03 15:04:04,142 INFO  - RDBMSSessionStore          - Retrieving username for sessionId [5d582554-7f8e-489d-a9b8-3506cbbfd491]
2013-06-03 15:04:04,143 DEBUG - LogoutRoute                - Log out [admin]
2013-06-03 15:04:04,143 INFO  - RDBMSSessionStore          - Deleting session with sessionId [5d582554-7f8e-489d-a9b8-3506cbbfd491]
2013-06-03 15:04:04,207 DEBUG - SecureFilter               - Secured path [/statik/control-box]
2013-06-03 15:04:04,209 INFO  - RDBMSSessionStore          - Checking for existing session for [5d582554-7f8e-489d-a9b8-3506cbbfd491]
2013-06-03 15:04:04,223 INFO  - RDBMSSessionStore          - Checking for existing session for [5d582554-7f8e-489d-a9b8-3506cbbfd491]
2013-06-03 15:04:04,228 INFO  - RDBMSSessionStore          - Checking for existing session for [5d582554-7f8e-489d-a9b8-3506cbbfd491]
2013-06-03 15:04:04,418 DEBUG - EditableFileRoute          - GET on [localhost], path=/
2013-06-03 15:04:04,418 DEBUG - EditableFileRoute          - File is candidate for content editing
2013-06-03 15:04:04,418 INFO  - RDBMSSessionStore          - Checking for existing session for [5d582554-7f8e-489d-a9b8-3506cbbfd491]
2013-06-03 15:04:04,421 INFO  - RDBMSContentStore          - Retrieving content for domain [localhost], language [en] and path [/]
2013-06-03 15:04:04,495 DEBUG - EditableFileRoute          - GET on [localhost], path=/styles.css
2013-06-03 15:04:04,593 DEBUG - EditableFileRoute          - GET on [localhost], path=/one-para.html
2013-06-03 15:04:04,594 DEBUG - EditableFileRoute          - File is candidate for content editing
2013-06-03 15:04:04,595 INFO  - RDBMSSessionStore          - Checking for existing session for [5d582554-7f8e-489d-a9b8-3506cbbfd491]
2013-06-03 15:04:04,597 INFO  - RDBMSContentStore          - Retrieving content for domain [localhost], language [en] and path [/one-para.html]
2013-06-03 15:04:04,636 DEBUG - EditableFileRoute          - GET on [localhost], path=/styles.css
2013-06-03 15:04:04,806 DEBUG - SecureFilter               - Secured path [/statik/clear-db]
2013-06-03 15:04:04,806 INFO  - RDBMSSessionStore          - Checking for existing session for [5d582554-7f8e-489d-a9b8-3506cbbfd491]
2013-06-03 15:04:04,815 DEBUG - RDBMSContentStore          - Clearing ALL content items
2013-06-03 15:04:04,816 DEBUG - RDBMSSessionStore          - Clearing ALL sessions
2013-06-03 15:04:04,817 INFO  - RDBMSAuthStore             - Deleting all users except default
2013-06-03 15:04:04,828 INFO  - RDBMSSessionStore          - Checking for existing session for [5d582554-7f8e-489d-a9b8-3506cbbfd491]
2013-06-03 15:04:04,829 INFO  - RDBMSSessionStore          - Checking for existing session for [5d582554-7f8e-489d-a9b8-3506cbbfd491]
2013-06-03 15:04:05,042 INFO  - RDBMSSessionStore          - Checking for existing session for [5d582554-7f8e-489d-a9b8-3506cbbfd491]
2013-06-03 15:04:05,043 INFO  - RDBMSSessionStore          - Checking for existing session for [5d582554-7f8e-489d-a9b8-3506cbbfd491]
2013-06-03 15:04:05,474 DEBUG - LoginRoute                 - POST to /statik-auth for user [admin], originalDomain is []
2013-06-03 15:04:05,474 INFO  - RDBMSAuthStore             - Querying for user [admin]
2013-06-03 15:04:05,476 DEBUG - RDBMSSessionStore          - creating session for [admin]
2013-06-03 15:04:05,498 DEBUG - EditableFileRoute          - GET on [localhost], path=/
2013-06-03 15:04:05,498 DEBUG - EditableFileRoute          - File is candidate for content editing
2013-06-03 15:04:05,498 INFO  - RDBMSSessionStore          - Checking for existing session for [f764f1af-b516-4a89-a339-5333b08abe70]
2013-06-03 15:04:05,500 INFO  - RDBMSContentStore          - Retrieving content for domain [localhost], language [en] and path [/]
2013-06-03 15:04:05,501 DEBUG - EditableFileRoute          - Making page editable
2013-06-03 15:04:05,554 DEBUG - EditableFileRoute          - GET on [localhost], path=/styles.css
2013-06-03 15:04:05,804 DEBUG - SecureFilter               - Secured path [/statik/control-box]
2013-06-03 15:04:05,804 INFO  - RDBMSSessionStore          - Checking for existing session for [f764f1af-b516-4a89-a339-5333b08abe70]
2013-06-03 15:04:05,805 DEBUG - SecureFilter               - Already cookied
2013-06-03 15:04:06,206 DEBUG - EditableFileRoute          - GET on [localhost], path=/one-para.html
2013-06-03 15:04:06,207 DEBUG - EditableFileRoute          - File is candidate for content editing
2013-06-03 15:04:06,207 INFO  - RDBMSSessionStore          - Checking for existing session for [f764f1af-b516-4a89-a339-5333b08abe70]
2013-06-03 15:04:06,208 INFO  - RDBMSContentStore          - Retrieving content for domain [localhost], language [en] and path [/one-para.html]
2013-06-03 15:04:06,210 DEBUG - EditableFileRoute          - Making page editable
2013-06-03 15:04:06,269 DEBUG - EditableFileRoute          - GET on [localhost], path=/styles.css
2013-06-03 15:04:06,539 DEBUG - SecureFilter               - Secured path [/statik/control-box]
2013-06-03 15:04:06,539 INFO  - RDBMSSessionStore          - Checking for existing session for [f764f1af-b516-4a89-a339-5333b08abe70]
2013-06-03 15:04:06,540 DEBUG - SecureFilter               - Already cookied
2013-06-03 15:04:07,329 DEBUG - SecureFilter               - Secured path [/statik/editor]
2013-06-03 15:04:07,329 INFO  - RDBMSSessionStore          - Checking for existing session for [f764f1af-b516-4a89-a339-5333b08abe70]
2013-06-03 15:04:07,341 DEBUG - SecureFilter               - Already cookied
2013-06-03 15:04:07,341 INFO  - RDBMSContentStore          - Retrieving content for domain [localhost], path [/one-para.html], selector [html > body > section > p] and language [en]
2013-06-03 15:04:07,438 DEBUG - EditorRoute                - Couldn't find content in the DB; assume first time we've edited this element, pass back content from page [content]
2013-06-03 15:04:10,554 DEBUG - SecureFilter               - Secured path [/statik/content]
2013-06-03 15:04:10,554 INFO  - RDBMSSessionStore          - Checking for existing session for [f764f1af-b516-4a89-a339-5333b08abe70]
2013-06-03 15:04:10,555 DEBUG - SecureFilter               - Already cookied
2013-06-03 15:04:10,555 DEBUG - ContentRoute               - POST with selector [html > body > section > p], domain [localhost], path [/one-para.html], content [new content], lang [en]
2013-06-03 15:04:10,555 DEBUG - RDBMSContentStore          - Inserting or updating content item with domain [localhost], path [/one-para.html], language [en] and selector [html > body > section > p]
2013-06-03 15:04:10,573 DEBUG - EditableFileRoute          - GET on [localhost], path=/one-para.html
2013-06-03 15:04:10,573 DEBUG - EditableFileRoute          - File is candidate for content editing
2013-06-03 15:04:10,574 INFO  - RDBMSSessionStore          - Checking for existing session for [f764f1af-b516-4a89-a339-5333b08abe70]
2013-06-03 15:04:10,576 INFO  - RDBMSContentStore          - Retrieving content for domain [localhost], language [en] and path [/one-para.html]
2013-06-03 15:04:10,577 DEBUG - EditableFileRoute          - Replaced element with selector [html > body > section > p] with English content [new content]
2013-06-03 15:04:10,577 DEBUG - EditableFileRoute          - Making page editable
2013-06-03 15:04:10,624 DEBUG - EditableFileRoute          - GET on [localhost], path=/styles.css
2013-06-03 15:04:10,989 DEBUG - SecureFilter               - Secured path [/statik/control-box]
2013-06-03 15:04:10,989 INFO  - RDBMSSessionStore          - Checking for existing session for [f764f1af-b516-4a89-a339-5333b08abe70]
2013-06-03 15:04:10,990 DEBUG - SecureFilter               - Already cookied
2013-06-03 15:04:12,950 DEBUG - SecureFilter               - Secured path [/statik/make-it-so]
2013-06-03 15:04:12,950 INFO  - RDBMSSessionStore          - Checking for existing session for [f764f1af-b516-4a89-a339-5333b08abe70]
2013-06-03 15:04:12,951 DEBUG - SecureFilter               - Already cookied
2013-06-03 15:04:12,951 INFO  - MakeContentLiveRoute       - Making the content live for page [/one-para.html]
2013-06-03 15:04:12,951 DEBUG - RDBMSContentStore          - Making content items for domain [localhost] and path [/one-para.html] live
2013-06-03 15:04:13,785 DEBUG - SecureFilter               - Secured path [/statik/logout]
2013-06-03 15:04:13,785 INFO  - RDBMSSessionStore          - Checking for existing session for [f764f1af-b516-4a89-a339-5333b08abe70]
2013-06-03 15:04:13,788 DEBUG - SecureFilter               - Already cookied
2013-06-03 15:04:13,788 INFO  - RDBMSSessionStore          - Checking for existing session for [f764f1af-b516-4a89-a339-5333b08abe70]
2013-06-03 15:04:13,789 INFO  - RDBMSSessionStore          - Retrieving username for sessionId [f764f1af-b516-4a89-a339-5333b08abe70]
2013-06-03 15:04:13,794 DEBUG - LogoutRoute                - Log out [admin]
2013-06-03 15:04:13,796 INFO  - RDBMSSessionStore          - Deleting session with sessionId [f764f1af-b516-4a89-a339-5333b08abe70]
2013-06-03 15:04:13,826 DEBUG - EditableFileRoute          - GET on [localhost], path=/
2013-06-03 15:04:13,826 DEBUG - EditableFileRoute          - File is candidate for content editing
2013-06-03 15:04:13,826 INFO  - RDBMSSessionStore          - Checking for existing session for [f764f1af-b516-4a89-a339-5333b08abe70]
2013-06-03 15:04:13,830 INFO  - RDBMSContentStore          - Retrieving content for domain [localhost], language [en] and path [/]
2013-06-03 15:04:13,919 DEBUG - EditableFileRoute          - GET on [localhost], path=/styles.css
2013-06-03 15:04:14,063 DEBUG - EditableFileRoute          - GET on [localhost], path=/one-para.html
2013-06-03 15:04:14,063 DEBUG - EditableFileRoute          - File is candidate for content editing
2013-06-03 15:04:14,063 INFO  - RDBMSSessionStore          - Checking for existing session for [f764f1af-b516-4a89-a339-5333b08abe70]
2013-06-03 15:04:14,064 INFO  - RDBMSContentStore          - Retrieving content for domain [localhost], language [en] and path [/one-para.html]
2013-06-03 15:04:14,066 DEBUG - EditableFileRoute          - Replaced element with selector [html > body > section > p] with English content [new content]
2013-06-03 15:04:14,200 DEBUG - EditableFileRoute          - GET on [localhost], path=/styles.css
2013-06-03 15:04:14,566 DEBUG - SecureFilter               - Secured path [/statik/clear-db]
2013-06-03 15:04:14,566 INFO  - RDBMSSessionStore          - Checking for existing session for [f764f1af-b516-4a89-a339-5333b08abe70]
2013-06-03 15:04:14,567 DEBUG - RDBMSContentStore          - Clearing ALL content items
2013-06-03 15:04:14,568 DEBUG - RDBMSSessionStore          - Clearing ALL sessions
2013-06-03 15:04:14,568 INFO  - RDBMSAuthStore             - Deleting all users except default
2013-06-03 15:04:14,597 INFO  - RDBMSSessionStore          - Checking for existing session for [f764f1af-b516-4a89-a339-5333b08abe70]
2013-06-03 15:04:14,598 INFO  - RDBMSSessionStore          - Checking for existing session for [f764f1af-b516-4a89-a339-5333b08abe70]
2013-06-03 15:04:14,953 INFO  - RDBMSSessionStore          - Checking for existing session for [f764f1af-b516-4a89-a339-5333b08abe70]
2013-06-03 15:04:14,955 INFO  - RDBMSSessionStore          - Checking for existing session for [f764f1af-b516-4a89-a339-5333b08abe70]
2013-06-03 15:04:15,481 DEBUG - LoginRoute                 - POST to /statik-auth for user [admin], originalDomain is []
2013-06-03 15:04:15,481 INFO  - RDBMSAuthStore             - Querying for user [admin]
2013-06-03 15:04:15,500 DEBUG - RDBMSSessionStore          - creating session for [admin]
2013-06-03 15:04:15,512 DEBUG - EditableFileRoute          - GET on [localhost], path=/
2013-06-03 15:04:15,512 DEBUG - EditableFileRoute          - File is candidate for content editing
2013-06-03 15:04:15,513 INFO  - RDBMSSessionStore          - Checking for existing session for [4e812504-c027-41b7-8c62-23f20e6c9089]
2013-06-03 15:04:15,515 INFO  - RDBMSContentStore          - Retrieving content for domain [localhost], language [en] and path [/]
2013-06-03 15:04:15,516 DEBUG - EditableFileRoute          - Making page editable
2013-06-03 15:04:15,533 DEBUG - EditableFileRoute          - GET on [localhost], path=/styles.css
2013-06-03 15:04:15,825 DEBUG - SecureFilter               - Secured path [/statik/control-box]
2013-06-03 15:04:15,825 INFO  - RDBMSSessionStore          - Checking for existing session for [4e812504-c027-41b7-8c62-23f20e6c9089]
2013-06-03 15:04:15,826 DEBUG - SecureFilter               - Already cookied
2013-06-03 15:04:16,209 DEBUG - EditableFileRoute          - GET on [localhost], path=/one-para.html
2013-06-03 15:04:16,210 DEBUG - EditableFileRoute          - File is candidate for content editing
2013-06-03 15:04:16,211 INFO  - RDBMSSessionStore          - Checking for existing session for [4e812504-c027-41b7-8c62-23f20e6c9089]
2013-06-03 15:04:16,213 INFO  - RDBMSContentStore          - Retrieving content for domain [localhost], language [en] and path [/one-para.html]
2013-06-03 15:04:16,216 DEBUG - EditableFileRoute          - Making page editable
2013-06-03 15:04:16,269 DEBUG - EditableFileRoute          - GET on [localhost], path=/styles.css
2013-06-03 15:04:16,616 DEBUG - SecureFilter               - Secured path [/statik/control-box]
2013-06-03 15:04:16,616 INFO  - RDBMSSessionStore          - Checking for existing session for [4e812504-c027-41b7-8c62-23f20e6c9089]
2013-06-03 15:04:16,620 DEBUG - SecureFilter               - Already cookied
2013-06-03 15:04:17,443 DEBUG - SecureFilter               - Secured path [/statik/editor]
2013-06-03 15:04:17,443 INFO  - RDBMSSessionStore          - Checking for existing session for [4e812504-c027-41b7-8c62-23f20e6c9089]
2013-06-03 15:04:17,444 DEBUG - SecureFilter               - Already cookied
2013-06-03 15:04:17,445 INFO  - RDBMSContentStore          - Retrieving content for domain [localhost], path [/one-para.html], selector [html > body > section > p] and language [en]
2013-06-03 15:04:17,564 DEBUG - EditorRoute                - Couldn't find content in the DB; assume first time we've edited this element, pass back content from page [content]
2013-06-03 15:04:20,509 DEBUG - SecureFilter               - Secured path [/statik/content]
2013-06-03 15:04:20,509 INFO  - RDBMSSessionStore          - Checking for existing session for [4e812504-c027-41b7-8c62-23f20e6c9089]
2013-06-03 15:04:20,511 DEBUG - SecureFilter               - Already cookied
2013-06-03 15:04:20,511 DEBUG - ContentRoute               - POST with selector [html > body > section > p], domain [localhost], path [/one-para.html], content [new content], lang [en]
2013-06-03 15:04:20,511 DEBUG - RDBMSContentStore          - Inserting or updating content item with domain [localhost], path [/one-para.html], language [en] and selector [html > body > section > p]
2013-06-03 15:04:20,529 DEBUG - EditableFileRoute          - GET on [localhost], path=/one-para.html
2013-06-03 15:04:20,529 DEBUG - EditableFileRoute          - File is candidate for content editing
2013-06-03 15:04:20,530 INFO  - RDBMSSessionStore          - Checking for existing session for [4e812504-c027-41b7-8c62-23f20e6c9089]
2013-06-03 15:04:20,532 INFO  - RDBMSContentStore          - Retrieving content for domain [localhost], language [en] and path [/one-para.html]
2013-06-03 15:04:20,534 DEBUG - EditableFileRoute          - Replaced element with selector [html > body > section > p] with English content [new content]
2013-06-03 15:04:20,534 DEBUG - EditableFileRoute          - Making page editable
2013-06-03 15:04:20,637 DEBUG - EditableFileRoute          - GET on [localhost], path=/styles.css
2013-06-03 15:04:20,894 DEBUG - EditableFileRoute          - GET on [localhost], path=/one-para.html
2013-06-03 15:04:20,894 DEBUG - EditableFileRoute          - File is candidate for content editing
2013-06-03 15:04:20,895 INFO  - RDBMSSessionStore          - Checking for existing session for [4e812504-c027-41b7-8c62-23f20e6c9089]
2013-06-03 15:04:20,897 INFO  - RDBMSContentStore          - Retrieving content for domain [localhost], language [en] and path [/one-para.html]
2013-06-03 15:04:20,904 DEBUG - EditableFileRoute          - Replaced element with selector [html > body > section > p] with English content [new content]
2013-06-03 15:04:20,905 DEBUG - EditableFileRoute          - Making page editable
2013-06-03 15:04:20,934 DEBUG - SecureFilter               - Secured path [/statik/control-box]
2013-06-03 15:04:20,934 INFO  - RDBMSSessionStore          - Checking for existing session for [4e812504-c027-41b7-8c62-23f20e6c9089]
2013-06-03 15:04:20,947 DEBUG - SecureFilter               - Already cookied
2013-06-03 15:04:21,026 DEBUG - EditableFileRoute          - GET on [localhost], path=/styles.css
2013-06-03 15:04:21,378 DEBUG - SecureFilter               - Secured path [/statik/control-box]
2013-06-03 15:04:21,378 INFO  - RDBMSSessionStore          - Checking for existing session for [4e812504-c027-41b7-8c62-23f20e6c9089]
2013-06-03 15:04:21,380 DEBUG - SecureFilter               - Already cookied
2013-06-03 15:04:21,471 DEBUG - SecureFilter               - Secured path [/statik/clear-db]
2013-06-03 15:04:21,471 INFO  - RDBMSSessionStore          - Checking for existing session for [4e812504-c027-41b7-8c62-23f20e6c9089]
2013-06-03 15:04:21,472 DEBUG - SecureFilter               - Already cookied
2013-06-03 15:04:21,472 DEBUG - RDBMSContentStore          - Clearing ALL content items
2013-06-03 15:04:21,473 DEBUG - RDBMSSessionStore          - Clearing ALL sessions
2013-06-03 15:04:21,473 INFO  - RDBMSAuthStore             - Deleting all users except default
Tests run: 3, Failures: 0, Errors: 0, Skipped: 0, Time elapsed: 24.847 sec
Running statik.integration.SessionPersistenceIT
2013-06-03 15:04:21,698 INFO  - RDBMSSessionStore          - Checking for existing session for [null]
2013-06-03 15:04:21,699 INFO  - RDBMSSessionStore          - Checking for existing session for [null]
2013-06-03 15:04:24,403 DEBUG - LoginRoute                 - POST to /statik-auth for user [admin], originalDomain is []
2013-06-03 15:04:24,403 INFO  - RDBMSAuthStore             - Querying for user [admin]
2013-06-03 15:04:24,404 DEBUG - RDBMSSessionStore          - creating session for [admin]
2013-06-03 15:04:24,473 DEBUG - EditableFileRoute          - GET on [localhost], path=/
2013-06-03 15:04:24,473 DEBUG - EditableFileRoute          - File is candidate for content editing
2013-06-03 15:04:24,474 INFO  - RDBMSSessionStore          - Checking for existing session for [804932fe-9b9f-4f40-8da6-8bb0f0959f6f]
2013-06-03 15:04:24,477 INFO  - RDBMSContentStore          - Retrieving content for domain [localhost], language [en] and path [/]
2013-06-03 15:04:24,479 DEBUG - EditableFileRoute          - Making page editable
2013-06-03 15:04:24,550 DEBUG - EditableFileRoute          - GET on [localhost], path=/styles.css
2013-06-03 15:04:24,872 DEBUG - SecureFilter               - Secured path [/statik/control-box]
2013-06-03 15:04:24,872 INFO  - RDBMSSessionStore          - Checking for existing session for [804932fe-9b9f-4f40-8da6-8bb0f0959f6f]
2013-06-03 15:04:24,873 DEBUG - SecureFilter               - Already cookied
2013-06-03 15:04:30,816 DEBUG - EditableFileRoute          - GET on [localhost], path=/index.html
2013-06-03 15:04:30,817 DEBUG - EditableFileRoute          - File is candidate for content editing
2013-06-03 15:04:30,817 INFO  - RDBMSSessionStore          - Checking for existing session for [null]
2013-06-03 15:04:30,821 INFO  - RDBMSContentStore          - Retrieving content for domain [localhost], language [en] and path [/index.html]
2013-06-03 15:04:30,919 DEBUG - EditableFileRoute          - GET on [localhost], path=/styles.css
2013-06-03 15:04:31,059 DEBUG - EditableFileRoute          - GET on [localhost], path=/favicon.ico
2013-06-03 15:04:31,091 DEBUG - EditableFileRoute          - GET on [localhost], path=/favicon.ico
2013-06-03 15:04:31,146 INFO  - RDBMSSessionStore          - Checking for existing session for [804932fe-9b9f-4f40-8da6-8bb0f0959f6f]
2013-06-03 15:04:31,148 INFO  - RDBMSSessionStore          - Checking for existing session for [804932fe-9b9f-4f40-8da6-8bb0f0959f6f]
2013-06-03 15:04:31,426 DEBUG - SecureFilter               - Secured path [/statik/logout]
2013-06-03 15:04:31,426 INFO  - RDBMSSessionStore          - Checking for existing session for [804932fe-9b9f-4f40-8da6-8bb0f0959f6f]
2013-06-03 15:04:31,427 DEBUG - SecureFilter               - Already cookied
2013-06-03 15:04:31,428 INFO  - RDBMSSessionStore          - Checking for existing session for [804932fe-9b9f-4f40-8da6-8bb0f0959f6f]
2013-06-03 15:04:31,430 INFO  - RDBMSSessionStore          - Retrieving username for sessionId [804932fe-9b9f-4f40-8da6-8bb0f0959f6f]
2013-06-03 15:04:31,435 DEBUG - LogoutRoute                - Log out [admin]
2013-06-03 15:04:31,436 INFO  - RDBMSSessionStore          - Deleting session with sessionId [804932fe-9b9f-4f40-8da6-8bb0f0959f6f]
2013-06-03 15:04:31,464 DEBUG - EditableFileRoute          - GET on [localhost], path=/
2013-06-03 15:04:31,464 DEBUG - EditableFileRoute          - File is candidate for content editing
2013-06-03 15:04:31,464 INFO  - RDBMSSessionStore          - Checking for existing session for [804932fe-9b9f-4f40-8da6-8bb0f0959f6f]
2013-06-03 15:04:31,468 INFO  - RDBMSContentStore          - Retrieving content for domain [localhost], language [en] and path [/]
2013-06-03 15:04:31,489 DEBUG - EditableFileRoute          - GET on [localhost], path=/styles.css
2013-06-03 15:04:31,587 DEBUG - SecureFilter               - Secured path [/statik/clear-db]
2013-06-03 15:04:31,587 INFO  - RDBMSSessionStore          - Checking for existing session for [804932fe-9b9f-4f40-8da6-8bb0f0959f6f]
2013-06-03 15:04:31,589 DEBUG - RDBMSContentStore          - Clearing ALL content items
2013-06-03 15:04:31,589 DEBUG - RDBMSSessionStore          - Clearing ALL sessions
2013-06-03 15:04:31,590 INFO  - RDBMSAuthStore             - Deleting all users except default
2013-06-03 15:04:31,688 INFO  - RDBMSSessionStore          - Checking for existing session for [804932fe-9b9f-4f40-8da6-8bb0f0959f6f]
2013-06-03 15:04:31,689 INFO  - RDBMSSessionStore          - Checking for existing session for [804932fe-9b9f-4f40-8da6-8bb0f0959f6f]
2013-06-03 15:04:32,315 INFO  - RDBMSSessionStore          - Checking for existing session for [804932fe-9b9f-4f40-8da6-8bb0f0959f6f]
2013-06-03 15:04:32,315 INFO  - RDBMSSessionStore          - Checking for existing session for [804932fe-9b9f-4f40-8da6-8bb0f0959f6f]
2013-06-03 15:04:34,716 DEBUG - LoginRoute                 - POST to /statik-auth for user [admin], originalDomain is []
2013-06-03 15:04:34,716 INFO  - RDBMSAuthStore             - Querying for user [admin]
2013-06-03 15:04:34,718 DEBUG - RDBMSSessionStore          - creating session for [admin]
2013-06-03 15:04:34,749 DEBUG - EditableFileRoute          - GET on [localhost], path=/
2013-06-03 15:04:34,749 DEBUG - EditableFileRoute          - File is candidate for content editing
2013-06-03 15:04:34,749 INFO  - RDBMSSessionStore          - Checking for existing session for [8bc176ec-0779-449c-aa89-6796a3527b9d]
2013-06-03 15:04:34,751 INFO  - RDBMSContentStore          - Retrieving content for domain [localhost], language [en] and path [/]
2013-06-03 15:04:34,753 DEBUG - EditableFileRoute          - Making page editable
2013-06-03 15:04:34,783 DEBUG - EditableFileRoute          - GET on [localhost], path=/styles.css
2013-06-03 15:04:34,989 DEBUG - SecureFilter               - Secured path [/statik/control-box]
2013-06-03 15:04:34,989 INFO  - RDBMSSessionStore          - Checking for existing session for [8bc176ec-0779-449c-aa89-6796a3527b9d]
2013-06-03 15:04:34,990 DEBUG - SecureFilter               - Already cookied
2013-06-03 15:04:35,261 DEBUG - SecureFilter               - Secured path [/statik/logout]
2013-06-03 15:04:35,261 INFO  - RDBMSSessionStore          - Checking for existing session for [8bc176ec-0779-449c-aa89-6796a3527b9d]
2013-06-03 15:04:35,264 DEBUG - SecureFilter               - Already cookied
2013-06-03 15:04:35,264 INFO  - RDBMSSessionStore          - Checking for existing session for [8bc176ec-0779-449c-aa89-6796a3527b9d]
2013-06-03 15:04:35,265 INFO  - RDBMSSessionStore          - Retrieving username for sessionId [8bc176ec-0779-449c-aa89-6796a3527b9d]
2013-06-03 15:04:35,269 DEBUG - LogoutRoute                - Log out [admin]
2013-06-03 15:04:35,273 INFO  - RDBMSSessionStore          - Deleting session with sessionId [8bc176ec-0779-449c-aa89-6796a3527b9d]
2013-06-03 15:04:35,284 DEBUG - EditableFileRoute          - GET on [localhost], path=/
2013-06-03 15:04:35,284 DEBUG - EditableFileRoute          - File is candidate for content editing
2013-06-03 15:04:35,284 INFO  - RDBMSSessionStore          - Checking for existing session for [8bc176ec-0779-449c-aa89-6796a3527b9d]
2013-06-03 15:04:35,288 INFO  - RDBMSContentStore          - Retrieving content for domain [localhost], language [en] and path [/]
2013-06-03 15:04:35,316 DEBUG - EditableFileRoute          - GET on [localhost], path=/styles.css
2013-06-03 15:04:35,365 INFO  - RDBMSSessionStore          - Checking for existing session for [8bc176ec-0779-449c-aa89-6796a3527b9d]
2013-06-03 15:04:35,367 INFO  - RDBMSSessionStore          - Checking for existing session for [8bc176ec-0779-449c-aa89-6796a3527b9d]
2013-06-03 15:04:35,630 DEBUG - SecureFilter               - Secured path [/statik/logout]
2013-06-03 15:04:35,630 INFO  - RDBMSSessionStore          - Checking for existing session for [8bc176ec-0779-449c-aa89-6796a3527b9d]
2013-06-03 15:04:35,632 INFO  - RDBMSSessionStore          - Checking for existing session for [8bc176ec-0779-449c-aa89-6796a3527b9d]
2013-06-03 15:04:35,652 INFO  - RDBMSSessionStore          - Checking for existing session for [8bc176ec-0779-449c-aa89-6796a3527b9d]
2013-06-03 15:04:35,653 INFO  - RDBMSSessionStore          - Checking for existing session for [8bc176ec-0779-449c-aa89-6796a3527b9d]
2013-06-03 15:04:35,811 DEBUG - SecureFilter               - Secured path [/statik/clear-db]
2013-06-03 15:04:35,811 INFO  - RDBMSSessionStore          - Checking for existing session for [8bc176ec-0779-449c-aa89-6796a3527b9d]
2013-06-03 15:04:35,812 DEBUG - RDBMSContentStore          - Clearing ALL content items
2013-06-03 15:04:35,813 DEBUG - RDBMSSessionStore          - Clearing ALL sessions
2013-06-03 15:04:35,813 INFO  - RDBMSAuthStore             - Deleting all users except default
2013-06-03 15:04:35,827 INFO  - RDBMSSessionStore          - Checking for existing session for [8bc176ec-0779-449c-aa89-6796a3527b9d]
2013-06-03 15:04:35,828 INFO  - RDBMSSessionStore          - Checking for existing session for [8bc176ec-0779-449c-aa89-6796a3527b9d]
2013-06-03 15:04:35,999 INFO  - RDBMSSessionStore          - Checking for existing session for [8bc176ec-0779-449c-aa89-6796a3527b9d]
2013-06-03 15:04:36,000 INFO  - RDBMSSessionStore          - Checking for existing session for [8bc176ec-0779-449c-aa89-6796a3527b9d]
2013-06-03 15:04:36,225 DEBUG - SecureFilter               - Secured path [/statik/logout]
2013-06-03 15:04:36,225 INFO  - RDBMSSessionStore          - Checking for existing session for [8bc176ec-0779-449c-aa89-6796a3527b9d]
2013-06-03 15:04:36,227 INFO  - RDBMSSessionStore          - Checking for existing session for [8bc176ec-0779-449c-aa89-6796a3527b9d]
2013-06-03 15:04:36,257 INFO  - RDBMSSessionStore          - Checking for existing session for [8bc176ec-0779-449c-aa89-6796a3527b9d]
2013-06-03 15:04:36,258 INFO  - RDBMSSessionStore          - Checking for existing session for [8bc176ec-0779-449c-aa89-6796a3527b9d]
2013-06-03 15:04:36,455 DEBUG - SecureFilter               - Secured path [/statik/clear-db]
2013-06-03 15:04:36,455 INFO  - RDBMSSessionStore          - Checking for existing session for [8bc176ec-0779-449c-aa89-6796a3527b9d]
2013-06-03 15:04:36,460 DEBUG - RDBMSContentStore          - Clearing ALL content items
2013-06-03 15:04:36,460 DEBUG - RDBMSSessionStore          - Clearing ALL sessions
2013-06-03 15:04:36,460 INFO  - RDBMSAuthStore             - Deleting all users except default
2013-06-03 15:04:36,475 INFO  - RDBMSSessionStore          - Checking for existing session for [8bc176ec-0779-449c-aa89-6796a3527b9d]
2013-06-03 15:04:36,476 INFO  - RDBMSSessionStore          - Checking for existing session for [8bc176ec-0779-449c-aa89-6796a3527b9d]
2013-06-03 15:04:36,652 INFO  - RDBMSSessionStore          - Checking for existing session for [8bc176ec-0779-449c-aa89-6796a3527b9d]
2013-06-03 15:04:36,653 INFO  - RDBMSSessionStore          - Checking for existing session for [8bc176ec-0779-449c-aa89-6796a3527b9d]
2013-06-03 15:04:37,027 DEBUG - LoginRoute                 - POST to /statik-auth for user [admin], originalDomain is []
2013-06-03 15:04:37,028 INFO  - RDBMSAuthStore             - Querying for user [admin]
2013-06-03 15:04:37,031 DEBUG - RDBMSSessionStore          - creating session for [admin]
2013-06-03 15:04:37,053 DEBUG - EditableFileRoute          - GET on [localhost], path=/
2013-06-03 15:04:37,053 DEBUG - EditableFileRoute          - File is candidate for content editing
2013-06-03 15:04:37,053 INFO  - RDBMSSessionStore          - Checking for existing session for [e5255d72-6795-4b63-ad58-18077cd630f6]
2013-06-03 15:04:37,056 INFO  - RDBMSContentStore          - Retrieving content for domain [localhost], language [en] and path [/]
2013-06-03 15:04:37,057 DEBUG - EditableFileRoute          - Making page editable
2013-06-03 15:04:37,116 DEBUG - EditableFileRoute          - GET on [localhost], path=/styles.css
2013-06-03 15:04:37,316 DEBUG - SecureFilter               - Secured path [/statik/control-box]
2013-06-03 15:04:37,316 INFO  - RDBMSSessionStore          - Checking for existing session for [e5255d72-6795-4b63-ad58-18077cd630f6]
2013-06-03 15:04:37,317 DEBUG - SecureFilter               - Already cookied
2013-06-03 15:04:37,530 INFO  - RDBMSSessionStore          - Checking for existing session for [e5255d72-6795-4b63-ad58-18077cd630f6]
2013-06-03 15:04:37,531 INFO  - RDBMSSessionStore          - Checking for existing session for [e5255d72-6795-4b63-ad58-18077cd630f6]
2013-06-03 15:04:37,834 DEBUG - SecureFilter               - Secured path [/statik/logout]
2013-06-03 15:04:37,835 INFO  - RDBMSSessionStore          - Checking for existing session for [e5255d72-6795-4b63-ad58-18077cd630f6]
2013-06-03 15:04:37,836 DEBUG - SecureFilter               - Already cookied
2013-06-03 15:04:37,836 INFO  - RDBMSSessionStore          - Checking for existing session for [e5255d72-6795-4b63-ad58-18077cd630f6]
2013-06-03 15:04:37,838 INFO  - RDBMSSessionStore          - Retrieving username for sessionId [e5255d72-6795-4b63-ad58-18077cd630f6]
2013-06-03 15:04:37,839 DEBUG - LogoutRoute                - Log out [admin]
2013-06-03 15:04:37,839 INFO  - RDBMSSessionStore          - Deleting session with sessionId [e5255d72-6795-4b63-ad58-18077cd630f6]
2013-06-03 15:04:37,903 DEBUG - EditableFileRoute          - GET on [localhost], path=/
2013-06-03 15:04:37,903 DEBUG - EditableFileRoute          - File is candidate for content editing
2013-06-03 15:04:37,903 INFO  - RDBMSSessionStore          - Checking for existing session for [e5255d72-6795-4b63-ad58-18077cd630f6]
2013-06-03 15:04:37,907 INFO  - RDBMSContentStore          - Retrieving content for domain [localhost], language [en] and path [/]
2013-06-03 15:04:37,958 DEBUG - EditableFileRoute          - GET on [localhost], path=/styles.css
2013-06-03 15:04:38,091 DEBUG - SecureFilter               - Secured path [/statik/clear-db]
2013-06-03 15:04:38,091 INFO  - RDBMSSessionStore          - Checking for existing session for [e5255d72-6795-4b63-ad58-18077cd630f6]
2013-06-03 15:04:38,100 DEBUG - RDBMSContentStore          - Clearing ALL content items
2013-06-03 15:04:38,103 DEBUG - RDBMSSessionStore          - Clearing ALL sessions
2013-06-03 15:04:38,103 INFO  - RDBMSAuthStore             - Deleting all users except default
2013-06-03 15:04:38,118 INFO  - RDBMSSessionStore          - Checking for existing session for [e5255d72-6795-4b63-ad58-18077cd630f6]
2013-06-03 15:04:38,119 INFO  - RDBMSSessionStore          - Checking for existing session for [e5255d72-6795-4b63-ad58-18077cd630f6]
Tests run: 4, Failures: 0, Errors: 0, Skipped: 0, Time elapsed: 16.736 sec
Running statik.integration.UserManagementIT
2013-06-03 15:04:38,386 INFO  - RDBMSSessionStore          - Checking for existing session for [null]
2013-06-03 15:04:38,387 INFO  - RDBMSSessionStore          - Checking for existing session for [null]
2013-06-03 15:04:38,747 DEBUG - LoginRoute                 - POST to /statik-auth for user [admin], originalDomain is []
2013-06-03 15:04:38,748 INFO  - RDBMSAuthStore             - Querying for user [admin]
2013-06-03 15:04:38,748 DEBUG - RDBMSSessionStore          - creating session for [admin]
2013-06-03 15:04:38,752 DEBUG - EditableFileRoute          - GET on [localhost], path=/
2013-06-03 15:04:38,753 DEBUG - EditableFileRoute          - File is candidate for content editing
2013-06-03 15:04:38,753 INFO  - RDBMSSessionStore          - Checking for existing session for [39b68b5a-2cb8-41f1-96be-5ad2a5386b1f]
2013-06-03 15:04:38,755 INFO  - RDBMSContentStore          - Retrieving content for domain [localhost], language [en] and path [/]
2013-06-03 15:04:38,756 DEBUG - EditableFileRoute          - Making page editable
2013-06-03 15:04:38,914 DEBUG - EditableFileRoute          - GET on [localhost], path=/styles.css
2013-06-03 15:04:39,158 DEBUG - SecureFilter               - Secured path [/statik/control-box]
2013-06-03 15:04:39,158 INFO  - RDBMSSessionStore          - Checking for existing session for [39b68b5a-2cb8-41f1-96be-5ad2a5386b1f]
2013-06-03 15:04:39,159 DEBUG - SecureFilter               - Already cookied
2013-06-03 15:04:39,387 DEBUG - SecureFilter               - Secured path [/statik/users]
2013-06-03 15:04:39,387 INFO  - RDBMSSessionStore          - Checking for existing session for [39b68b5a-2cb8-41f1-96be-5ad2a5386b1f]
2013-06-03 15:04:39,387 DEBUG - SecureFilter               - Already cookied
2013-06-03 15:04:39,388 INFO  - RDBMSAuthStore             - Retrieving all users
2013-06-03 15:04:39,388 INFO  - UserListRoute              - Listing [1] users, [admin]
2013-06-03 15:04:39,767 DEBUG - SecureFilter               - Secured path [/statik/user]
2013-06-03 15:04:39,767 INFO  - RDBMSSessionStore          - Checking for existing session for [39b68b5a-2cb8-41f1-96be-5ad2a5386b1f]
2013-06-03 15:04:39,768 DEBUG - SecureFilter               - Already cookied
2013-06-03 15:04:40,265 DEBUG - SecureFilter               - Secured path [/statik/user]
2013-06-03 15:04:40,265 INFO  - RDBMSSessionStore          - Checking for existing session for [39b68b5a-2cb8-41f1-96be-5ad2a5386b1f]
2013-06-03 15:04:40,266 DEBUG - SecureFilter               - Already cookied
2013-06-03 15:04:40,266 INFO  - AddUserRoute               - Creating user [test@example.com]
2013-06-03 15:04:40,267 INFO  - RDBMSAuthStore             - Adding user [test@example.com], isDefault [false]
2013-06-03 15:04:40,585 DEBUG - SecureFilter               - Secured path [/statik/clear-db]
2013-06-03 15:04:40,585 INFO  - RDBMSSessionStore          - Checking for existing session for [39b68b5a-2cb8-41f1-96be-5ad2a5386b1f]
2013-06-03 15:04:40,587 DEBUG - SecureFilter               - Already cookied
2013-06-03 15:04:40,588 DEBUG - RDBMSContentStore          - Clearing ALL content items
2013-06-03 15:04:40,588 DEBUG - RDBMSSessionStore          - Clearing ALL sessions
2013-06-03 15:04:40,589 INFO  - RDBMSAuthStore             - Deleting all users except default
2013-06-03 15:04:40,714 INFO  - RDBMSSessionStore          - Checking for existing session for [39b68b5a-2cb8-41f1-96be-5ad2a5386b1f]
2013-06-03 15:04:40,716 INFO  - RDBMSSessionStore          - Checking for existing session for [39b68b5a-2cb8-41f1-96be-5ad2a5386b1f]
2013-06-03 15:04:41,095 DEBUG - LoginRoute                 - POST to /statik-auth for user [admin], originalDomain is []
2013-06-03 15:04:41,095 INFO  - RDBMSAuthStore             - Querying for user [admin]
2013-06-03 15:04:41,096 DEBUG - RDBMSSessionStore          - creating session for [admin]
2013-06-03 15:04:41,141 DEBUG - EditableFileRoute          - GET on [localhost], path=/
2013-06-03 15:04:41,142 DEBUG - EditableFileRoute          - File is candidate for content editing
2013-06-03 15:04:41,142 INFO  - RDBMSSessionStore          - Checking for existing session for [9ebe7ede-9220-477a-8dd2-61cc5e4ad807]
2013-06-03 15:04:41,145 INFO  - RDBMSContentStore          - Retrieving content for domain [localhost], language [en] and path [/]
2013-06-03 15:04:41,146 DEBUG - EditableFileRoute          - Making page editable
2013-06-03 15:04:41,273 DEBUG - EditableFileRoute          - GET on [localhost], path=/styles.css
2013-06-03 15:04:41,512 DEBUG - SecureFilter               - Secured path [/statik/control-box]
2013-06-03 15:04:41,512 INFO  - RDBMSSessionStore          - Checking for existing session for [9ebe7ede-9220-477a-8dd2-61cc5e4ad807]
2013-06-03 15:04:41,513 DEBUG - SecureFilter               - Already cookied
2013-06-03 15:04:41,865 DEBUG - SecureFilter               - Secured path [/statik/users]
2013-06-03 15:04:41,865 INFO  - RDBMSSessionStore          - Checking for existing session for [9ebe7ede-9220-477a-8dd2-61cc5e4ad807]
2013-06-03 15:04:41,866 DEBUG - SecureFilter               - Already cookied
2013-06-03 15:04:41,866 INFO  - RDBMSAuthStore             - Retrieving all users
2013-06-03 15:04:41,867 INFO  - UserListRoute              - Listing [1] users, [admin]
2013-06-03 15:04:42,174 DEBUG - SecureFilter               - Secured path [/statik/user]
2013-06-03 15:04:42,174 INFO  - RDBMSSessionStore          - Checking for existing session for [9ebe7ede-9220-477a-8dd2-61cc5e4ad807]
2013-06-03 15:04:42,176 DEBUG - SecureFilter               - Already cookied
2013-06-03 15:04:45,019 DEBUG - SecureFilter               - Secured path [/statik/user]
2013-06-03 15:04:45,019 INFO  - RDBMSSessionStore          - Checking for existing session for [9ebe7ede-9220-477a-8dd2-61cc5e4ad807]
2013-06-03 15:04:45,021 DEBUG - SecureFilter               - Already cookied
2013-06-03 15:04:45,021 INFO  - AddUserRoute               - Creating user [test@example.com]
2013-06-03 15:04:45,021 INFO  - RDBMSAuthStore             - Adding user [test@example.com], isDefault [false]
2013-06-03 15:04:45,201 DEBUG - SecureFilter               - Secured path [/statik/users]
2013-06-03 15:04:45,201 INFO  - RDBMSSessionStore          - Checking for existing session for [9ebe7ede-9220-477a-8dd2-61cc5e4ad807]
2013-06-03 15:04:45,201 DEBUG - SecureFilter               - Already cookied
2013-06-03 15:04:45,202 INFO  - RDBMSAuthStore             - Retrieving all users
2013-06-03 15:04:45,203 INFO  - UserListRoute              - Listing [2] users, [admin, test@example.com]
2013-06-03 15:04:45,545 DEBUG - SecureFilter               - Secured path [/statik/user]
2013-06-03 15:04:45,546 INFO  - RDBMSSessionStore          - Checking for existing session for [9ebe7ede-9220-477a-8dd2-61cc5e4ad807]
2013-06-03 15:04:45,547 DEBUG - SecureFilter               - Already cookied
2013-06-03 15:04:45,547 INFO  - RDBMSAuthStore             - Querying for user [test@example.com]
2013-06-03 15:04:45,887 DEBUG - SecureFilter               - Secured path [/statik/user]
2013-06-03 15:04:45,887 INFO  - RDBMSSessionStore          - Checking for existing session for [9ebe7ede-9220-477a-8dd2-61cc5e4ad807]
2013-06-03 15:04:45,888 DEBUG - SecureFilter               - Already cookied
2013-06-03 15:04:45,888 INFO  - AddUserRoute               - Editing user with original username [test@example.com], new username is [new-user-name]
2013-06-03 15:04:45,889 INFO  - RDBMSAuthStore             - Querying for user [test@example.com]
2013-06-03 15:04:45,889 INFO  - RDBMSAuthStore             - Updating user [test@example.com]
2013-06-03 15:04:46,118 DEBUG - SecureFilter               - Secured path [/statik/clear-db]
2013-06-03 15:04:46,118 INFO  - RDBMSSessionStore          - Checking for existing session for [9ebe7ede-9220-477a-8dd2-61cc5e4ad807]
2013-06-03 15:04:46,118 DEBUG - SecureFilter               - Already cookied
2013-06-03 15:04:46,119 DEBUG - RDBMSContentStore          - Clearing ALL content items
2013-06-03 15:04:46,119 DEBUG - RDBMSSessionStore          - Clearing ALL sessions
2013-06-03 15:04:46,119 INFO  - RDBMSAuthStore             - Deleting all users except default
2013-06-03 15:04:46,206 INFO  - RDBMSSessionStore          - Checking for existing session for [9ebe7ede-9220-477a-8dd2-61cc5e4ad807]
2013-06-03 15:04:46,218 INFO  - RDBMSSessionStore          - Checking for existing session for [9ebe7ede-9220-477a-8dd2-61cc5e4ad807]
2013-06-03 15:04:46,560 DEBUG - LoginRoute                 - POST to /statik-auth for user [admin], originalDomain is []
2013-06-03 15:04:46,560 INFO  - RDBMSAuthStore             - Querying for user [admin]
2013-06-03 15:04:46,562 DEBUG - RDBMSSessionStore          - creating session for [admin]
2013-06-03 15:04:46,583 DEBUG - EditableFileRoute          - GET on [localhost], path=/
2013-06-03 15:04:46,583 DEBUG - EditableFileRoute          - File is candidate for content editing
2013-06-03 15:04:46,583 INFO  - RDBMSSessionStore          - Checking for existing session for [51f1aa2e-34ef-4c11-8526-ea4b4a917ae2]
2013-06-03 15:04:46,585 INFO  - RDBMSContentStore          - Retrieving content for domain [localhost], language [en] and path [/]
2013-06-03 15:04:46,586 DEBUG - EditableFileRoute          - Making page editable
2013-06-03 15:04:46,602 DEBUG - EditableFileRoute          - GET on [localhost], path=/styles.css
2013-06-03 15:04:46,810 DEBUG - SecureFilter               - Secured path [/statik/control-box]
2013-06-03 15:04:46,810 INFO  - RDBMSSessionStore          - Checking for existing session for [51f1aa2e-34ef-4c11-8526-ea4b4a917ae2]
2013-06-03 15:04:46,811 DEBUG - SecureFilter               - Already cookied
2013-06-03 15:04:47,088 DEBUG - SecureFilter               - Secured path [/statik/users]
2013-06-03 15:04:47,089 INFO  - RDBMSSessionStore          - Checking for existing session for [51f1aa2e-34ef-4c11-8526-ea4b4a917ae2]
2013-06-03 15:04:47,089 DEBUG - SecureFilter               - Already cookied
2013-06-03 15:04:47,090 INFO  - RDBMSAuthStore             - Retrieving all users
2013-06-03 15:04:47,090 INFO  - UserListRoute              - Listing [1] users, [admin]
2013-06-03 15:04:47,402 DEBUG - SecureFilter               - Secured path [/statik/user]
2013-06-03 15:04:47,402 INFO  - RDBMSSessionStore          - Checking for existing session for [51f1aa2e-34ef-4c11-8526-ea4b4a917ae2]
2013-06-03 15:04:47,406 DEBUG - SecureFilter               - Already cookied
2013-06-03 15:04:48,034 DEBUG - SecureFilter               - Secured path [/statik/user]
2013-06-03 15:04:48,034 INFO  - RDBMSSessionStore          - Checking for existing session for [51f1aa2e-34ef-4c11-8526-ea4b4a917ae2]
2013-06-03 15:04:48,037 DEBUG - SecureFilter               - Already cookied
2013-06-03 15:04:48,037 INFO  - AddUserRoute               - Creating user [invalid]
2013-06-03 15:04:48,037 INFO  - RDBMSAuthStore             - Adding user [invalid], isDefault [false]
2013-06-03 15:04:48,360 DEBUG - SecureFilter               - Secured path [/statik/clear-db]
2013-06-03 15:04:48,360 INFO  - RDBMSSessionStore          - Checking for existing session for [51f1aa2e-34ef-4c11-8526-ea4b4a917ae2]
2013-06-03 15:04:48,361 DEBUG - SecureFilter               - Already cookied
2013-06-03 15:04:48,361 DEBUG - RDBMSContentStore          - Clearing ALL content items
2013-06-03 15:04:48,361 DEBUG - RDBMSSessionStore          - Clearing ALL sessions
2013-06-03 15:04:48,361 INFO  - RDBMSAuthStore             - Deleting all users except default
2013-06-03 15:04:48,448 INFO  - RDBMSSessionStore          - Checking for existing session for [51f1aa2e-34ef-4c11-8526-ea4b4a917ae2]
2013-06-03 15:04:48,449 INFO  - RDBMSSessionStore          - Checking for existing session for [51f1aa2e-34ef-4c11-8526-ea4b4a917ae2]
2013-06-03 15:04:48,780 DEBUG - LoginRoute                 - POST to /statik-auth for user [admin], originalDomain is []
2013-06-03 15:04:48,780 INFO  - RDBMSAuthStore             - Querying for user [admin]
2013-06-03 15:04:48,781 DEBUG - RDBMSSessionStore          - creating session for [admin]
2013-06-03 15:04:48,786 DEBUG - EditableFileRoute          - GET on [localhost], path=/
2013-06-03 15:04:48,788 DEBUG - EditableFileRoute          - File is candidate for content editing
2013-06-03 15:04:48,790 INFO  - RDBMSSessionStore          - Checking for existing session for [0b776cb0-d7e6-4582-9e57-b31dce5d01c6]
2013-06-03 15:04:48,792 INFO  - RDBMSContentStore          - Retrieving content for domain [localhost], language [en] and path [/]
2013-06-03 15:04:48,794 DEBUG - EditableFileRoute          - Making page editable
2013-06-03 15:04:48,832 DEBUG - EditableFileRoute          - GET on [localhost], path=/styles.css
2013-06-03 15:04:49,020 DEBUG - SecureFilter               - Secured path [/statik/control-box]
2013-06-03 15:04:49,020 INFO  - RDBMSSessionStore          - Checking for existing session for [0b776cb0-d7e6-4582-9e57-b31dce5d01c6]
2013-06-03 15:04:49,022 DEBUG - SecureFilter               - Already cookied
2013-06-03 15:04:49,310 DEBUG - SecureFilter               - Secured path [/statik/users]
2013-06-03 15:04:49,310 INFO  - RDBMSSessionStore          - Checking for existing session for [0b776cb0-d7e6-4582-9e57-b31dce5d01c6]
2013-06-03 15:04:49,311 DEBUG - SecureFilter               - Already cookied
2013-06-03 15:04:49,311 INFO  - RDBMSAuthStore             - Retrieving all users
2013-06-03 15:04:49,311 INFO  - UserListRoute              - Listing [1] users, [admin]
2013-06-03 15:04:49,612 DEBUG - SecureFilter               - Secured path [/statik/user]
2013-06-03 15:04:49,612 INFO  - RDBMSSessionStore          - Checking for existing session for [0b776cb0-d7e6-4582-9e57-b31dce5d01c6]
2013-06-03 15:04:49,626 DEBUG - SecureFilter               - Already cookied
2013-06-03 15:04:50,214 DEBUG - SecureFilter               - Secured path [/statik/user]
2013-06-03 15:04:50,214 INFO  - RDBMSSessionStore          - Checking for existing session for [0b776cb0-d7e6-4582-9e57-b31dce5d01c6]
2013-06-03 15:04:50,215 DEBUG - SecureFilter               - Already cookied
2013-06-03 15:04:50,215 INFO  - AddUserRoute               - Creating user [test@example.com]
2013-06-03 15:04:50,215 INFO  - RDBMSAuthStore             - Adding user [test@example.com], isDefault [false]
2013-06-03 15:04:50,412 DEBUG - SecureFilter               - Secured path [/statik/clear-db]
2013-06-03 15:04:50,412 INFO  - RDBMSSessionStore          - Checking for existing session for [0b776cb0-d7e6-4582-9e57-b31dce5d01c6]
2013-06-03 15:04:50,414 DEBUG - SecureFilter               - Already cookied
2013-06-03 15:04:50,414 DEBUG - RDBMSContentStore          - Clearing ALL content items
2013-06-03 15:04:50,415 DEBUG - RDBMSSessionStore          - Clearing ALL sessions
2013-06-03 15:04:50,415 INFO  - RDBMSAuthStore             - Deleting all users except default
2013-06-03 15:04:50,490 INFO  - RDBMSSessionStore          - Checking for existing session for [0b776cb0-d7e6-4582-9e57-b31dce5d01c6]
2013-06-03 15:04:50,491 INFO  - RDBMSSessionStore          - Checking for existing session for [0b776cb0-d7e6-4582-9e57-b31dce5d01c6]
2013-06-03 15:04:50,798 DEBUG - LoginRoute                 - POST to /statik-auth for user [admin], originalDomain is []
2013-06-03 15:04:50,798 INFO  - RDBMSAuthStore             - Querying for user [admin]
2013-06-03 15:04:50,799 DEBUG - RDBMSSessionStore          - creating session for [admin]
2013-06-03 15:04:50,822 DEBUG - EditableFileRoute          - GET on [localhost], path=/
2013-06-03 15:04:50,822 DEBUG - EditableFileRoute          - File is candidate for content editing
2013-06-03 15:04:50,834 INFO  - RDBMSSessionStore          - Checking for existing session for [540c1a81-48d6-43d4-bea7-6b63cfdd9d3a]
2013-06-03 15:04:50,878 INFO  - RDBMSContentStore          - Retrieving content for domain [localhost], language [en] and path [/]
2013-06-03 15:04:50,887 DEBUG - EditableFileRoute          - Making page editable
2013-06-03 15:04:50,902 DEBUG - EditableFileRoute          - GET on [localhost], path=/styles.css
2013-06-03 15:04:51,127 DEBUG - SecureFilter               - Secured path [/statik/control-box]
2013-06-03 15:04:51,127 INFO  - RDBMSSessionStore          - Checking for existing session for [540c1a81-48d6-43d4-bea7-6b63cfdd9d3a]
2013-06-03 15:04:51,128 DEBUG - SecureFilter               - Already cookied
2013-06-03 15:04:51,371 DEBUG - SecureFilter               - Secured path [/statik/logout]
2013-06-03 15:04:51,371 INFO  - RDBMSSessionStore          - Checking for existing session for [540c1a81-48d6-43d4-bea7-6b63cfdd9d3a]
2013-06-03 15:04:51,372 DEBUG - SecureFilter               - Already cookied
2013-06-03 15:04:51,372 INFO  - RDBMSSessionStore          - Checking for existing session for [540c1a81-48d6-43d4-bea7-6b63cfdd9d3a]
2013-06-03 15:04:51,372 INFO  - RDBMSSessionStore          - Retrieving username for sessionId [540c1a81-48d6-43d4-bea7-6b63cfdd9d3a]
2013-06-03 15:04:51,373 DEBUG - LogoutRoute                - Log out [admin]
2013-06-03 15:04:51,373 INFO  - RDBMSSessionStore          - Deleting session with sessionId [540c1a81-48d6-43d4-bea7-6b63cfdd9d3a]
2013-06-03 15:04:51,390 DEBUG - EditableFileRoute          - GET on [localhost], path=/
2013-06-03 15:04:51,390 DEBUG - EditableFileRoute          - File is candidate for content editing
2013-06-03 15:04:51,390 INFO  - RDBMSSessionStore          - Checking for existing session for [540c1a81-48d6-43d4-bea7-6b63cfdd9d3a]
2013-06-03 15:04:51,392 INFO  - RDBMSContentStore          - Retrieving content for domain [localhost], language [en] and path [/]
2013-06-03 15:04:51,412 DEBUG - EditableFileRoute          - GET on [localhost], path=/styles.css
2013-06-03 15:04:51,498 DEBUG - SecureFilter               - Secured path [/statik/users]
2013-06-03 15:04:51,498 INFO  - RDBMSSessionStore          - Checking for existing session for [540c1a81-48d6-43d4-bea7-6b63cfdd9d3a]
2013-06-03 15:04:51,500 INFO  - RDBMSAuthStore             - Retrieving all users
2013-06-03 15:04:51,501 INFO  - UserListRoute              - Listing [1] users, [admin]
2013-06-03 15:04:51,515 INFO  - RDBMSSessionStore          - Checking for existing session for [540c1a81-48d6-43d4-bea7-6b63cfdd9d3a]
2013-06-03 15:04:51,523 INFO  - RDBMSSessionStore          - Checking for existing session for [540c1a81-48d6-43d4-bea7-6b63cfdd9d3a]
2013-06-03 15:04:51,894 DEBUG - SecureFilter               - Secured path [/statik/clear-db]
2013-06-03 15:04:51,894 INFO  - RDBMSSessionStore          - Checking for existing session for [540c1a81-48d6-43d4-bea7-6b63cfdd9d3a]
2013-06-03 15:04:51,895 DEBUG - RDBMSContentStore          - Clearing ALL content items
2013-06-03 15:04:51,896 DEBUG - RDBMSSessionStore          - Clearing ALL sessions
2013-06-03 15:04:51,912 INFO  - RDBMSAuthStore             - Deleting all users except default
2013-06-03 15:04:51,927 INFO  - RDBMSSessionStore          - Checking for existing session for [540c1a81-48d6-43d4-bea7-6b63cfdd9d3a]
2013-06-03 15:04:51,928 INFO  - RDBMSSessionStore          - Checking for existing session for [540c1a81-48d6-43d4-bea7-6b63cfdd9d3a]
2013-06-03 15:04:52,357 INFO  - RDBMSSessionStore          - Checking for existing session for [540c1a81-48d6-43d4-bea7-6b63cfdd9d3a]
2013-06-03 15:04:52,358 INFO  - RDBMSSessionStore          - Checking for existing session for [540c1a81-48d6-43d4-bea7-6b63cfdd9d3a]
2013-06-03 15:04:55,438 DEBUG - LoginRoute                 - POST to /statik-auth for user [admin], originalDomain is []
2013-06-03 15:04:55,438 INFO  - RDBMSAuthStore             - Querying for user [admin]
2013-06-03 15:04:55,439 DEBUG - RDBMSSessionStore          - creating session for [admin]
2013-06-03 15:04:55,444 DEBUG - EditableFileRoute          - GET on [localhost], path=/
2013-06-03 15:04:55,444 DEBUG - EditableFileRoute          - File is candidate for content editing
2013-06-03 15:04:55,444 INFO  - RDBMSSessionStore          - Checking for existing session for [0f526211-273f-4a69-8a6a-26b36f9790dc]
2013-06-03 15:04:55,447 INFO  - RDBMSContentStore          - Retrieving content for domain [localhost], language [en] and path [/]
2013-06-03 15:04:55,448 DEBUG - EditableFileRoute          - Making page editable
2013-06-03 15:04:55,471 DEBUG - EditableFileRoute          - GET on [localhost], path=/styles.css
2013-06-03 15:04:55,762 DEBUG - SecureFilter               - Secured path [/statik/control-box]
2013-06-03 15:04:55,763 INFO  - RDBMSSessionStore          - Checking for existing session for [0f526211-273f-4a69-8a6a-26b36f9790dc]
2013-06-03 15:04:55,764 DEBUG - SecureFilter               - Already cookied
2013-06-03 15:04:55,980 DEBUG - SecureFilter               - Secured path [/statik/users]
2013-06-03 15:04:55,980 INFO  - RDBMSSessionStore          - Checking for existing session for [0f526211-273f-4a69-8a6a-26b36f9790dc]
2013-06-03 15:04:55,981 DEBUG - SecureFilter               - Already cookied
2013-06-03 15:04:55,981 INFO  - RDBMSAuthStore             - Retrieving all users
2013-06-03 15:04:55,982 INFO  - UserListRoute              - Listing [1] users, [admin]
2013-06-03 15:04:56,271 DEBUG - SecureFilter               - Secured path [/statik/user]
2013-06-03 15:04:56,271 INFO  - RDBMSSessionStore          - Checking for existing session for [0f526211-273f-4a69-8a6a-26b36f9790dc]
2013-06-03 15:04:56,272 DEBUG - SecureFilter               - Already cookied
2013-06-03 15:04:56,752 DEBUG - SecureFilter               - Secured path [/statik/user]
2013-06-03 15:04:56,752 INFO  - RDBMSSessionStore          - Checking for existing session for [0f526211-273f-4a69-8a6a-26b36f9790dc]
2013-06-03 15:04:56,753 DEBUG - SecureFilter               - Already cookied
2013-06-03 15:04:56,753 INFO  - AddUserRoute               - Creating user [test@example.com]
2013-06-03 15:04:56,753 INFO  - RDBMSAuthStore             - Adding user [test@example.com], isDefault [false]
2013-06-03 15:04:56,957 DEBUG - SecureFilter               - Secured path [/statik/users]
2013-06-03 15:04:56,957 INFO  - RDBMSSessionStore          - Checking for existing session for [0f526211-273f-4a69-8a6a-26b36f9790dc]
2013-06-03 15:04:56,958 DEBUG - SecureFilter               - Already cookied
2013-06-03 15:04:56,958 INFO  - RDBMSAuthStore             - Retrieving all users
2013-06-03 15:04:56,959 INFO  - UserListRoute              - Listing [2] users, [admin, test@example.com]
2013-06-03 15:04:57,387 DEBUG - SecureFilter               - Secured path [/statik/user]
2013-06-03 15:04:57,387 INFO  - RDBMSSessionStore          - Checking for existing session for [0f526211-273f-4a69-8a6a-26b36f9790dc]
2013-06-03 15:04:57,402 DEBUG - SecureFilter               - Already cookied
2013-06-03 15:04:57,402 INFO  - RDBMSAuthStore             - Querying for user [test@example.com]
2013-06-03 15:04:58,367 DEBUG - SecureFilter               - Secured path [/statik/user]
2013-06-03 15:04:58,367 INFO  - RDBMSSessionStore          - Checking for existing session for [0f526211-273f-4a69-8a6a-26b36f9790dc]
2013-06-03 15:04:58,368 DEBUG - SecureFilter               - Already cookied
2013-06-03 15:04:58,368 INFO  - AddUserRoute               - Editing user with original username [test@example.com], new username is [test@example.com]
2013-06-03 15:04:58,368 INFO  - RDBMSAuthStore             - Querying for user [test@example.com]
2013-06-03 15:04:58,369 INFO  - RDBMSAuthStore             - Updating user [test@example.com]
2013-06-03 15:04:58,661 DEBUG - SecureFilter               - Secured path [/statik/clear-db]
2013-06-03 15:04:58,661 INFO  - RDBMSSessionStore          - Checking for existing session for [0f526211-273f-4a69-8a6a-26b36f9790dc]
2013-06-03 15:04:58,662 DEBUG - SecureFilter               - Already cookied
2013-06-03 15:04:58,662 DEBUG - RDBMSContentStore          - Clearing ALL content items
2013-06-03 15:04:58,662 DEBUG - RDBMSSessionStore          - Clearing ALL sessions
2013-06-03 15:04:58,662 INFO  - RDBMSAuthStore             - Deleting all users except default
2013-06-03 15:04:58,760 INFO  - RDBMSSessionStore          - Checking for existing session for [0f526211-273f-4a69-8a6a-26b36f9790dc]
2013-06-03 15:04:58,761 INFO  - RDBMSSessionStore          - Checking for existing session for [0f526211-273f-4a69-8a6a-26b36f9790dc]
2013-06-03 15:04:59,160 DEBUG - LoginRoute                 - POST to /statik-auth for user [admin], originalDomain is []
2013-06-03 15:04:59,160 INFO  - RDBMSAuthStore             - Querying for user [admin]
2013-06-03 15:04:59,161 DEBUG - RDBMSSessionStore          - creating session for [admin]
2013-06-03 15:04:59,184 DEBUG - EditableFileRoute          - GET on [localhost], path=/
2013-06-03 15:04:59,184 DEBUG - EditableFileRoute          - File is candidate for content editing
2013-06-03 15:04:59,184 INFO  - RDBMSSessionStore          - Checking for existing session for [57eaabe3-9ba2-41b8-9567-5e662d346f54]
2013-06-03 15:04:59,186 INFO  - RDBMSContentStore          - Retrieving content for domain [localhost], language [en] and path [/]
2013-06-03 15:04:59,187 DEBUG - EditableFileRoute          - Making page editable
2013-06-03 15:04:59,200 DEBUG - EditableFileRoute          - GET on [localhost], path=/styles.css
2013-06-03 15:04:59,495 DEBUG - SecureFilter               - Secured path [/statik/control-box]
2013-06-03 15:04:59,495 INFO  - RDBMSSessionStore          - Checking for existing session for [57eaabe3-9ba2-41b8-9567-5e662d346f54]
2013-06-03 15:04:59,496 DEBUG - SecureFilter               - Already cookied
2013-06-03 15:04:59,728 DEBUG - SecureFilter               - Secured path [/statik/users]
2013-06-03 15:04:59,728 INFO  - RDBMSSessionStore          - Checking for existing session for [57eaabe3-9ba2-41b8-9567-5e662d346f54]
2013-06-03 15:04:59,729 DEBUG - SecureFilter               - Already cookied
2013-06-03 15:04:59,729 INFO  - RDBMSAuthStore             - Retrieving all users
2013-06-03 15:04:59,730 INFO  - UserListRoute              - Listing [1] users, [admin]
2013-06-03 15:05:00,037 DEBUG - SecureFilter               - Secured path [/statik/user]
2013-06-03 15:05:00,038 INFO  - RDBMSSessionStore          - Checking for existing session for [57eaabe3-9ba2-41b8-9567-5e662d346f54]
2013-06-03 15:05:00,039 DEBUG - SecureFilter               - Already cookied
2013-06-03 15:05:00,448 DEBUG - SecureFilter               - Secured path [/statik/user]
2013-06-03 15:05:00,449 INFO  - RDBMSSessionStore          - Checking for existing session for [57eaabe3-9ba2-41b8-9567-5e662d346f54]
2013-06-03 15:05:00,450 DEBUG - SecureFilter               - Already cookied
2013-06-03 15:05:00,450 INFO  - AddUserRoute               - Creating user [test@example.com]
2013-06-03 15:05:00,450 INFO  - RDBMSAuthStore             - Adding user [test@example.com], isDefault [false]
2013-06-03 15:05:00,640 DEBUG - SecureFilter               - Secured path [/statik/users]
2013-06-03 15:05:00,640 INFO  - RDBMSSessionStore          - Checking for existing session for [57eaabe3-9ba2-41b8-9567-5e662d346f54]
2013-06-03 15:05:00,641 DEBUG - SecureFilter               - Already cookied
2013-06-03 15:05:00,641 INFO  - RDBMSAuthStore             - Retrieving all users
2013-06-03 15:05:00,661 INFO  - UserListRoute              - Listing [2] users, [admin, test@example.com]
2013-06-03 15:05:01,019 DEBUG - SecureFilter               - Secured path [/statik/user]
2013-06-03 15:05:01,019 INFO  - RDBMSSessionStore          - Checking for existing session for [57eaabe3-9ba2-41b8-9567-5e662d346f54]
2013-06-03 15:05:01,020 DEBUG - SecureFilter               - Already cookied
2013-06-03 15:05:01,020 INFO  - RDBMSAuthStore             - Querying for user [test@example.com]
2013-06-03 15:05:01,378 DEBUG - SecureFilter               - Secured path [/statik/user]
2013-06-03 15:05:01,378 INFO  - RDBMSSessionStore          - Checking for existing session for [57eaabe3-9ba2-41b8-9567-5e662d346f54]
2013-06-03 15:05:01,379 DEBUG - SecureFilter               - Already cookied
2013-06-03 15:05:01,379 INFO  - AddUserRoute               - Editing user with original username [test@example.com], new username is [test@example.com]
2013-06-03 15:05:01,379 INFO  - RDBMSAuthStore             - Querying for user [test@example.com]
2013-06-03 15:05:01,612 DEBUG - SecureFilter               - Secured path [/statik/clear-db]
2013-06-03 15:05:01,614 INFO  - RDBMSSessionStore          - Checking for existing session for [57eaabe3-9ba2-41b8-9567-5e662d346f54]
2013-06-03 15:05:01,618 DEBUG - SecureFilter               - Already cookied
2013-06-03 15:05:01,618 DEBUG - RDBMSContentStore          - Clearing ALL content items
2013-06-03 15:05:01,618 DEBUG - RDBMSSessionStore          - Clearing ALL sessions
2013-06-03 15:05:01,619 INFO  - RDBMSAuthStore             - Deleting all users except default
2013-06-03 15:05:01,764 INFO  - RDBMSSessionStore          - Checking for existing session for [57eaabe3-9ba2-41b8-9567-5e662d346f54]
2013-06-03 15:05:01,766 INFO  - RDBMSSessionStore          - Checking for existing session for [57eaabe3-9ba2-41b8-9567-5e662d346f54]
2013-06-03 15:05:02,344 DEBUG - LoginRoute                 - POST to /statik-auth for user [admin], originalDomain is []
2013-06-03 15:05:02,344 INFO  - RDBMSAuthStore             - Querying for user [admin]
2013-06-03 15:05:02,345 DEBUG - RDBMSSessionStore          - creating session for [admin]
2013-06-03 15:05:02,358 DEBUG - EditableFileRoute          - GET on [localhost], path=/
2013-06-03 15:05:02,358 DEBUG - EditableFileRoute          - File is candidate for content editing
2013-06-03 15:05:02,358 INFO  - RDBMSSessionStore          - Checking for existing session for [c105bb4a-a295-4bf5-a982-2ef1d2f1d72f]
2013-06-03 15:05:02,362 INFO  - RDBMSContentStore          - Retrieving content for domain [localhost], language [en] and path [/]
2013-06-03 15:05:02,363 DEBUG - EditableFileRoute          - Making page editable
2013-06-03 15:05:02,390 DEBUG - EditableFileRoute          - GET on [localhost], path=/styles.css
2013-06-03 15:05:02,693 DEBUG - SecureFilter               - Secured path [/statik/control-box]
2013-06-03 15:05:02,693 INFO  - RDBMSSessionStore          - Checking for existing session for [c105bb4a-a295-4bf5-a982-2ef1d2f1d72f]
2013-06-03 15:05:02,694 DEBUG - SecureFilter               - Already cookied
2013-06-03 15:05:03,028 DEBUG - SecureFilter               - Secured path [/statik/users]
2013-06-03 15:05:03,028 INFO  - RDBMSSessionStore          - Checking for existing session for [c105bb4a-a295-4bf5-a982-2ef1d2f1d72f]
2013-06-03 15:05:03,029 DEBUG - SecureFilter               - Already cookied
2013-06-03 15:05:03,029 INFO  - RDBMSAuthStore             - Retrieving all users
2013-06-03 15:05:03,030 INFO  - UserListRoute              - Listing [1] users, [admin]
2013-06-03 15:05:03,290 DEBUG - SecureFilter               - Secured path [/statik/clear-db]
2013-06-03 15:05:03,290 INFO  - RDBMSSessionStore          - Checking for existing session for [c105bb4a-a295-4bf5-a982-2ef1d2f1d72f]
2013-06-03 15:05:03,296 DEBUG - SecureFilter               - Already cookied
2013-06-03 15:05:03,297 DEBUG - RDBMSContentStore          - Clearing ALL content items
2013-06-03 15:05:03,297 DEBUG - RDBMSSessionStore          - Clearing ALL sessions
2013-06-03 15:05:03,297 INFO  - RDBMSAuthStore             - Deleting all users except default
2013-06-03 15:05:03,442 INFO  - RDBMSSessionStore          - Checking for existing session for [c105bb4a-a295-4bf5-a982-2ef1d2f1d72f]
2013-06-03 15:05:03,443 INFO  - RDBMSSessionStore          - Checking for existing session for [c105bb4a-a295-4bf5-a982-2ef1d2f1d72f]
2013-06-03 15:05:06,310 DEBUG - LoginRoute                 - POST to /statik-auth for user [admin], originalDomain is []
2013-06-03 15:05:06,310 INFO  - RDBMSAuthStore             - Querying for user [admin]
2013-06-03 15:05:06,311 DEBUG - RDBMSSessionStore          - creating session for [admin]
2013-06-03 15:05:06,353 DEBUG - EditableFileRoute          - GET on [localhost], path=/
2013-06-03 15:05:06,353 DEBUG - EditableFileRoute          - File is candidate for content editing
2013-06-03 15:05:06,353 INFO  - RDBMSSessionStore          - Checking for existing session for [1325b8bf-8cbf-4610-83d5-07d66dfc7cc4]
2013-06-03 15:05:06,356 INFO  - RDBMSContentStore          - Retrieving content for domain [localhost], language [en] and path [/]
2013-06-03 15:05:06,358 DEBUG - EditableFileRoute          - Making page editable
2013-06-03 15:05:06,378 DEBUG - EditableFileRoute          - GET on [localhost], path=/styles.css
2013-06-03 15:05:06,587 DEBUG - SecureFilter               - Secured path [/statik/control-box]
2013-06-03 15:05:06,587 INFO  - RDBMSSessionStore          - Checking for existing session for [1325b8bf-8cbf-4610-83d5-07d66dfc7cc4]
2013-06-03 15:05:06,589 DEBUG - SecureFilter               - Already cookied
2013-06-03 15:05:06,871 DEBUG - SecureFilter               - Secured path [/statik/users]
2013-06-03 15:05:06,871 INFO  - RDBMSSessionStore          - Checking for existing session for [1325b8bf-8cbf-4610-83d5-07d66dfc7cc4]
2013-06-03 15:05:06,872 DEBUG - SecureFilter               - Already cookied
2013-06-03 15:05:06,872 INFO  - RDBMSAuthStore             - Retrieving all users
2013-06-03 15:05:06,873 INFO  - UserListRoute              - Listing [1] users, [admin]
2013-06-03 15:05:07,196 DEBUG - SecureFilter               - Secured path [/statik/user]
2013-06-03 15:05:07,196 INFO  - RDBMSSessionStore          - Checking for existing session for [1325b8bf-8cbf-4610-83d5-07d66dfc7cc4]
2013-06-03 15:05:07,198 DEBUG - SecureFilter               - Already cookied
2013-06-03 15:05:07,585 DEBUG - SecureFilter               - Secured path [/statik/user]
2013-06-03 15:05:07,585 INFO  - RDBMSSessionStore          - Checking for existing session for [1325b8bf-8cbf-4610-83d5-07d66dfc7cc4]
2013-06-03 15:05:07,586 DEBUG - SecureFilter               - Already cookied
2013-06-03 15:05:07,586 INFO  - AddUserRoute               - Creating user [test@example.com]
2013-06-03 15:05:07,586 INFO  - RDBMSAuthStore             - Adding user [test@example.com], isDefault [false]
2013-06-03 15:05:07,769 DEBUG - SecureFilter               - Secured path [/statik/users]
2013-06-03 15:05:07,769 INFO  - RDBMSSessionStore          - Checking for existing session for [1325b8bf-8cbf-4610-83d5-07d66dfc7cc4]
2013-06-03 15:05:07,774 DEBUG - SecureFilter               - Already cookied
2013-06-03 15:05:07,774 INFO  - RDBMSAuthStore             - Retrieving all users
2013-06-03 15:05:07,774 INFO  - UserListRoute              - Listing [2] users, [admin, test@example.com]
2013-06-03 15:05:08,036 DEBUG - SecureFilter               - Secured path [/statik/delete-user]
2013-06-03 15:05:08,036 INFO  - RDBMSSessionStore          - Checking for existing session for [1325b8bf-8cbf-4610-83d5-07d66dfc7cc4]
2013-06-03 15:05:08,037 DEBUG - SecureFilter               - Already cookied
2013-06-03 15:05:08,037 INFO  - DeleteUserRoute            - Deleting user [test@example.com]
2013-06-03 15:05:08,037 INFO  - RDBMSAuthStore             - Deleting user [test@example.com]
2013-06-03 15:05:08,041 INFO  - RDBMSAuthStore             - Retrieving all users
2013-06-03 15:05:08,327 DEBUG - SecureFilter               - Secured path [/statik/clear-db]
2013-06-03 15:05:08,327 INFO  - RDBMSSessionStore          - Checking for existing session for [1325b8bf-8cbf-4610-83d5-07d66dfc7cc4]
2013-06-03 15:05:08,328 DEBUG - SecureFilter               - Already cookied
2013-06-03 15:05:08,328 DEBUG - RDBMSContentStore          - Clearing ALL content items
2013-06-03 15:05:08,328 DEBUG - RDBMSSessionStore          - Clearing ALL sessions
2013-06-03 15:05:08,328 INFO  - RDBMSAuthStore             - Deleting all users except default
Tests run: 9, Failures: 0, Errors: 0, Skipped: 0, Time elapsed: 30.018 sec
Running statik.session.MongoSessionStoreIT
Tests run: 1, Failures: 0, Errors: 0, Skipped: 1, Time elapsed: 0 sec
2013-06-03 15:05:08,418 INFO  - DefaultHttpClient          - I/O exception (org.apache.http.NoHttpResponseException) caught when processing request: The target server failed to respond
2013-06-03 15:05:08,419 INFO  - DefaultHttpClient          - Retrying request
2013-06-03 15:05:08,426 INFO  - DefaultHttpClient          - I/O exception (org.apache.http.NoHttpResponseException) caught when processing request: The target server failed to respond
2013-06-03 15:05:08,426 INFO  - DefaultHttpClient          - Retrying request
2013-06-03 15:05:08,446 INFO  - DefaultHttpClient          - I/O exception (org.apache.http.NoHttpResponseException) caught when processing request: The target server failed to respond
2013-06-03 15:05:08,446 INFO  - DefaultHttpClient          - Retrying request
2013-06-03 15:05:10,458 INFO  - DefaultHttpClient          - I/O exception (org.apache.http.NoHttpResponseException) caught when processing request: The target server failed to respond
2013-06-03 15:05:10,458 INFO  - DefaultHttpClient          - Retrying request
2013-06-03 15:05:10,470 INFO  - DefaultHttpClient          - I/O exception (org.apache.http.NoHttpResponseException) caught when processing request: The target server failed to respond
2013-06-03 15:05:10,470 INFO  - DefaultHttpClient          - Retrying request
2013-06-03 15:05:10,476 INFO  - DefaultHttpClient          - I/O exception (org.apache.http.NoHttpResponseException) caught when processing request: The target server failed to respond
2013-06-03 15:05:10,477 INFO  - DefaultHttpClient          - Retrying request

Results :

Tests run: 30, Failures: 0, Errors: 0, Skipped: 1

[WARNING] File encoding has not been set, using platform encoding UTF-8, i.e. build is platform dependent!
[INFO] 
[INFO] --- jetty-maven-plugin:8.1.10.v20130312:stop (stop-jetty) @ statik ---
[INFO] 
[INFO] --- maven-failsafe-plugin:2.14:verify (default) @ statik ---
[INFO] Failsafe report directory: /Users/rory/work/personal/statik/target/failsafe-reports
[WARNING] File encoding has not been set, using platform encoding UTF-8, i.e. build is platform dependent!
[INFO] ------------------------------------------------------------------------
[INFO] BUILD SUCCESS
[INFO] ------------------------------------------------------------------------
[INFO] Total time: 3:17.356s
[INFO] Finished at: Mon Jun 03 15:05:10 BST 2013
[INFO] Final Memory: 33M/86M
[INFO] ------------------------------------------------------------------------
